#
# A fatal error has been detected by the Java Runtime Environment:
#
#  EXCEPTION_ACCESS_VIOLATION (0xc0000005) at pc=0x000001e28fe0dd64, pid=21652, tid=7352
#
# JRE version: Java(TM) SE Runtime Environment (15.0.1+9) (build 15.0.1+9-18)
# Java VM: Java HotSpot(TM) 64-Bit Server VM (15.0.1+9-18, mixed mode, sharing, tiered, compressed oops, g1 gc, windows-amd64)
# Problematic frame:
# j  0x000001e28fe0dd64
#
# No core dump will be written. Minidumps are not enabled by default on client versions of Windows
#
# If you would like to submit a bug report, please visit:
#   https://bugreport.java.com/bugreport/crash.jsp
# The crash happened outside the Java Virtual Machine in native code.
# See problematic frame for where to report the bug.
#

---------------  S U M M A R Y ------------

Command Line: -Dr.arch=/x64 -Xmx512m -Xrs -Xss2m 

Host: Intel(R) Core(TM) i7-8550U CPU @ 1.80GHz, 8 cores, 15G,  Windows 10 , 64 bit Build 19041 (10.0.19041.662)
Time: Mon Dec 14 16:58:19 2020 W. Europe Standard Time elapsed time: 6567.345865 seconds (0d 1h 49m 27s)

---------------  T H R E A D  ---------------

Current thread (0x000001e2ebc9f7f0):  JavaThread "main" [_thread_in_native, id=7352, stack(0x00000032f7400000,0x00000032f8400000)]

Stack: [0x00000032f7400000,0x00000032f8400000],  sp=0x00000032f83e9a58,  free space=16294k
Native frames: (J=compiled Java code, j=interpreted, Vv=VM code, C=native code)
C  0x000001e28fe0dd64


siginfo: EXCEPTION_ACCESS_VIOLATION (0xc0000005), reading address 0x0000000000000034


Register to memory mapping:

RIP=0x000001e28fe0dd64 is at code_begin+4 in an Interpreter codelet
method entry point (kind = zerolocals)  [0x000001e28fe0dd60, 0x000001e28fe0e260]  1280 bytes
RAX=0x000001e2e5969c90 points into unknown readable memory: 0x0000080000000268 | 68 02 00 00 00 08 00 00
RBX=0x000001e2eaa798c0 points into unknown readable memory: 0x000001e2e5969c90 | 90 9c 96 e5 e2 01 00 00
RCX=0x00000032f83e9a90 is pointing into the stack for thread: 0x000001e2ebc9f7f0
RDX=0x0 is NULL
RSP=0x00000032f83e9a58 is pointing into the stack for thread: 0x000001e2ebc9f7f0
RBP=0x000001e2eaa798c0 points into unknown readable memory: 0x000001e2e5969c90 | 90 9c 96 e5 e2 01 00 00
RSI=0x00000032f83e9b68 is pointing into the stack for thread: 0x000001e2ebc9f7f0
RDI=0x00000032f83e9b60 is pointing into the stack for thread: 0x000001e2ebc9f7f0
R8 =0x00000032f83e9aa0 is pointing into the stack for thread: 0x000001e2ebc9f7f0
R9 =0x00000032f83e9aa8 is pointing into the stack for thread: 0x000001e2ebc9f7f0
R10=0x000001e28fe0dd60 is at code_begin+0 in an Interpreter codelet
method entry point (kind = zerolocals)  [0x000001e28fe0dd60, 0x000001e28fe0e260]  1280 bytes
R11=0x0000000000000001 is an unknown value
R12=0x000001e2bbbbfca8 points into unknown readable memory: 0x00000002a0000053 | 53 00 00 a0 02 00 00 00
R13=0x000001e2e5969c90 points into unknown readable memory: 0x0000080000000268 | 68 02 00 00 00 08 00 00
R14=0x0000000000000001 is an unknown value
R15=0x000001e2e76cf078 points into unknown readable memory: 0x0000ffff11000008 | 08 00 00 11 ff ff 00 00


Registers:
RAX=0x000001e2e5969c90, RBX=0x000001e2eaa798c0, RCX=0x00000032f83e9a90, RDX=0x0000000000000000
RSP=0x00000032f83e9a58, RBP=0x000001e2eaa798c0, RSI=0x00000032f83e9b68, RDI=0x00000032f83e9b60
R8 =0x00000032f83e9aa0, R9 =0x00000032f83e9aa8, R10=0x000001e28fe0dd60, R11=0x0000000000000001
R12=0x000001e2bbbbfca8, R13=0x000001e2e5969c90, R14=0x0000000000000001, R15=0x000001e2e76cf078
RIP=0x000001e28fe0dd64, EFLAGS=0x0000000000010a03

Top of Stack: (sp=0x00000032f83e9a58)
0x00000032f83e9a58:   000000006ea848d2 000001e283d3a148
0x00000032f83e9a68:   000001e283d3a1b8 ffffffffffb829bc
0x00000032f83e9a78:   000001e2e76ea078 000001e2e5969c90
0x00000032f83e9a88:   000001e2ef2dd738 000001e283d3a180
0x00000032f83e9a98:   000000006e62ecb0 0000000000000000
0x00000032f83e9aa8:   000001e2e76ea078 000001e2fae20b68
0x00000032f83e9ab8:   000001e2fae20b68 0000000000000001
0x00000032f83e9ac8:   000000006ea84a77 000001e283d3a148
0x00000032f83e9ad8:   000000006cac1c24 000001e2ef2dd738
0x00000032f83e9ae8:   000000006c7fb9ec 00000032f83e9b60
0x00000032f83e9af8:   00007fff0049414e 000001e2e76b1ef0
0x00000032f83e9b08:   000001e2e71d7ee0 000001e2e76b1ef0
0x00000032f83e9b18:   00000032f83e9e20 00000032f83e9b60
0x00000032f83e9b28:   000000006fca78fb 00007fffd5d9fa90
0x00000032f83e9b38:   00000000e71d7ee0 0000000000000000
0x00000032f83e9b48:   00000032f83e9e20 0000000000000000 

Instructions: (pc=0x000001e28fe0dd64)
0x000001e28fe0dc64:   c0 4c 8b 75 c8 c3 e9 04 ee ff ff 4c 8b 6d c0 48
0x000001e28fe0dc74:   8b 65 b8 48 c7 45 f0 00 00 00 00 e8 05 00 00 00
0x000001e28fe0dc84:   e9 aa 00 00 00 48 8d 44 24 08 4c 89 6d c0 49 8b
0x000001e28fe0dc94:   cf c5 f8 77 49 89 af 18 03 00 00 49 89 87 08 03
0x000001e28fe0dca4:   00 00 48 83 ec 20 f7 c4 0f 00 00 00 0f 84 1a 00
0x000001e28fe0dcb4:   00 00 48 83 ec 08 49 ba 30 e6 01 50 ff 7f 00 00
0x000001e28fe0dcc4:   41 ff d2 48 83 c4 08 e9 0d 00 00 00 49 ba 30 e6
0x000001e28fe0dcd4:   01 50 ff 7f 00 00 41 ff d2 48 83 c4 20 49 ba 00
0x000001e28fe0dce4:   00 00 00 00 00 00 00 4d 89 97 08 03 00 00 49 ba
0x000001e28fe0dcf4:   00 00 00 00 00 00 00 00 4d 89 97 18 03 00 00 49
0x000001e28fe0dd04:   ba 00 00 00 00 00 00 00 00 4d 89 97 10 03 00 00
0x000001e28fe0dd14:   c5 f8 77 49 81 7f 08 00 00 00 00 0f 84 05 00 00
0x000001e28fe0dd24:   00 e9 56 31 ff ff 4c 8b 6d c0 4c 8b 75 c8 c3 0f
0x000001e28fe0dd34:   1f 44 00 00 00 00 00 00 00 00 00 00 20 05 00 00
0x000001e28fe0dd44:   00 00 00 00 10 2e 5b 50 ff 7f 00 00 ff ff ff ff
0x000001e28fe0dd54:   00 00 00 00 00 00 00 00 00 00 00 00 48 8b 53 08
0x000001e28fe0dd64:   0f b7 4a 34 0f b7 52 32 2b d1 81 fa f5 01 00 00
0x000001e28fe0dd74:   0f 86 25 00 00 00 48 8b c2 48 c1 e0 03 48 83 c0
0x000001e28fe0dd84:   58 49 03 87 f0 03 00 00 48 3b e0 0f 87 0a 00 00
0x000001e28fe0dd94:   00 58 49 8b e5 50 e9 e1 2d ff ff 58 4c 8d 74 cc
0x000001e28fe0dda4:   f8 85 d2 0f 8e 09 00 00 00 68 00 00 00 00 ff ca
0x000001e28fe0ddb4:   7f f7 50 55 48 8b ec 41 55 68 00 00 00 00 4c 8b
0x000001e28fe0ddc4:   6b 08 4d 8d 6d 38 53 48 8b 53 08 48 8b 52 08 48
0x000001e28fe0ddd4:   8b 52 18 48 8b 52 70 48 8b 12 52 48 8b 53 10 48
0x000001e28fe0dde4:   85 d2 0f 84 07 00 00 00 48 81 c2 40 01 00 00 52
0x000001e28fe0ddf4:   48 8b 53 08 48 8b 52 08 48 8b 52 10 52 41 56 41
0x000001e28fe0de04:   55 68 00 00 00 00 48 89 24 24 41 c6 87 bd 03 00
0x000001e28fe0de14:   00 01 48 8b 45 d8 48 85 c0 0f 84 9b 00 00 00 8b
0x000001e28fe0de24:   48 fc 85 c9 0f 88 90 00 00 00 48 03 c1 48 8b 48
0x000001e28fe0de34:   08 48 83 e9 02 48 8b 54 c8 10 48 f7 da 49 8b 14
0x000001e28fe0de44:   d6 48 85 d2 75 0b 48 81 4c c8 18 01 00 00 00 eb
0x000001e28fe0de54:   5f 8b 52 08 48 c1 e2 03 49 ba 00 00 00 00 08 00 


Stack slot to memory mapping:
stack at sp + 0 slots: 0x000000006ea848d2 grid.dll
stack at sp + 1 slots: 0x000001e283d3a148 points into unknown readable memory: 0x0000000000000006 | 06 00 00 00 00 00 00 00
stack at sp + 2 slots: 0x000001e283d3a1b8 points into unknown readable memory: 0x0000000000100004 | 04 00 10 00 00 00 00 00
stack at sp + 3 slots: 0xffffffffffb829bc is an unknown value
stack at sp + 4 slots: 0x000001e2e76ea078 points into unknown readable memory: 0x0000ffff11800004 | 04 00 80 11 ff ff 00 00
stack at sp + 5 slots: 0x000001e2e5969c90 points into unknown readable memory: 0x0000080000000268 | 68 02 00 00 00 08 00 00
stack at sp + 6 slots: 0x000001e2ef2dd738 points into unknown readable memory: 0x0000008411000003 | 03 00 00 11 84 00 00 00
stack at sp + 7 slots: 0x000001e283d3a180 points into unknown readable memory: 0x0000000000000002 | 02 00 00 00 00 00 00 00

method entry point (kind = zerolocals)  [0x000001e28fe0dd60, 0x000001e28fe0e260]  1280 bytes
[MachCode]
  0x000001e28fe0dd60: 488b 5308 | 0fb7 4a34 | 0fb7 5232 | 2bd1 81fa | f501 0000 | 0f86 2500 | 0000 488b | c248 c1e0 
  0x000001e28fe0dd80: 0348 83c0 | 5849 0387 | f003 0000 | 483b e00f | 870a 0000 | 0058 498b | e550 e9e1 | 2dff ff58 
  0x000001e28fe0dda0: 4c8d 74cc | f885 d20f | 8e09 0000 | 0068 0000 | 0000 ffca | 7ff7 5055 | 488b ec41 | 5568 0000 
  0x000001e28fe0ddc0: 0000 4c8b | 6b08 4d8d | 6d38 5348 | 8b53 0848 | 8b52 0848 | 8b52 1848 | 8b52 7048 | 8b12 5248 
  0x000001e28fe0dde0: 8b53 1048 | 85d2 0f84 | 0700 0000 | 4881 c240 | 0100 0052 | 488b 5308 | 488b 5208 | 488b 5210 
  0x000001e28fe0de00: 5241 5641 | 5568 0000 | 0000 4889 | 2424 41c6 | 87bd 0300 | 0001 488b | 45d8 4885 | c00f 849b 
  0x000001e28fe0de20: 0000 008b | 48fc 85c9 | 0f88 9000 | 0000 4803 | c148 8b48 | 0848 83e9 | 0248 8b54 | c810 48f7 
  0x000001e28fe0de40: da49 8b14 | d648 85d2 | 750b 4881 | 4cc8 1801 | 0000 00eb | 5f8b 5208 | 48c1 e203 | 49ba 0000 
  0x000001e28fe0de60: 0000 0800 | 0000 4903 | d248 3354 | c818 48f7 | c2fc ffff | ff74 3d48 | f7c2 0200 | 0000 7534 
  0x000001e28fe0de80: 4881 7cc8 | 1800 0000 | 0074 2448 | 817c c818 | 0100 0000 | 7419 4833 | 54c8 1848 | f7c2 fcff 
  0x000001e28fe0dea0: ffff 7410 | 4881 4cc8 | 1802 0000 | 00eb 0548 | 8954 c818 | 4883 e902 | 0f89 7bff | ffff 488b 
  0x000001e28fe0dec0: 4310 4885 | c074 208b | 8804 0100 | 0083 c102 | 8988 0401 | 0000 2388 | 1801 0000 | 0f84 af02 
  0x000001e28fe0dee0: 0000 e9e3 | 0000 0048 | 8b43 1848 | 85c0 0f85 | c400 0000 | e805 0000 | 00e9 ad00 | 0000 488b 
  0x000001e28fe0df00: d348 8d44 | 2408 4c89 | 6dc0 498b | cfc5 f877 | 4989 af18 | 0300 0049 | 8987 0803 | 0000 4883 
  0x000001e28fe0df20: ec20 f7c4 | 0f00 0000 | 0f84 1a00 | 0000 4883 | ec08 49ba | d09a 0150 | ff7f 0000 | 41ff d248 
  0x000001e28fe0df40: 83c4 08e9 | 0d00 0000 | 49ba d09a | 0150 ff7f | 0000 41ff | d248 83c4 | 2049 ba00 | 0000 0000 
  0x000001e28fe0df60: 0000 004d | 8997 0803 | 0000 49ba | 0000 0000 | 0000 0000 | 4d89 9718 | 0300 0049 | ba00 0000 
  0x000001e28fe0df80: 0000 0000 | 004d 8997 | 1003 0000 | c5f8 7749 | 817f 0800 | 0000 000f | 8405 0000 | 00e9 de2e 
  0x000001e28fe0dfa0: ffff 4c8b | 6dc0 4c8b | 75c8 c348 | 8b43 1848 | 85c0 0f84 | 1200 0000 | 8b48 1883 | c102 8948 
  0x000001e28fe0dfc0: 1823 4830 | 0f84 c701 | 0000 8984 | 2400 f0ff | ff89 8424 | 00e0 ffff | 8984 2400 | d0ff ff89 
  0x000001e28fe0dfe0: 8424 00c0 | ffff 8984 | 2400 b0ff | ff89 8424 | 00a0 ffff | 8984 2400 | 90ff ff41 | c687 bd03 
  0x000001e28fe0e000: 0000 0049 | ba68 3175 | 50ff 7f00 | 0041 803a | 000f 8442 | 0000 0048 | 8b55 e849 | 8bcf 4883 
  0x000001e28fe0e020: ec20 f7c4 | 0f00 0000 | 0f84 1a00 | 0000 4883 | ec08 49ba | 400c 3650 | ff7f 0000 | 41ff d248 
  0x000001e28fe0e040: 83c4 08e9 | 0d00 0000 | 49ba 400c | 3650 ff7f | 0000 41ff | d248 83c4 | 2041 0fb6 | 5d00 49ba 
  0x000001e28fe0e060: 103a 7850 | ff7f 0000 | 41ff 24da | e805 0000 | 00e9 aa00 | 0000 488d | 4424 084c | 896d c049 
  0x000001e28fe0e080: 8bcf c5f8 | 7749 89af | 1803 0000 | 4989 8708 | 0300 0048 | 83ec 20f7 | c40f 0000 | 000f 841a 
  0x000001e28fe0e0a0: 0000 0048 | 83ec 0849 | ba00 c901 | 50ff 7f00 | 0041 ffd2 | 4883 c408 | e90d 0000 | 0049 ba00 
  0x000001e28fe0e0c0: c901 50ff | 7f00 0041 | ffd2 4883 | c420 49ba | 0000 0000 | 0000 0000 | 4d89 9708 | 0300 0049 
  0x000001e28fe0e0e0: ba00 0000 | 0000 0000 | 004d 8997 | 1803 0000 | 49ba 0000 | 0000 0000 | 0000 4d89 | 9710 0300 
  0x000001e28fe0e100: 00c5 f877 | 4981 7f08 | 0000 0000 | 0f84 0500 | 0000 e969 | 2dff ff4c | 8b6d c04c | 8b75 c8c3 
  0x000001e28fe0e120: 5053 488b | 5de8 488b | 4310 4885 | c00f 844f | 0000 0049 | 8bd5 488b | cb48 83ec | 20f7 c40f 
  0x000001e28fe0e140: 0000 000f | 841a 0000 | 0048 83ec | 0849 ba90 | 9a01 50ff | 7f00 0041 | ffd2 4883 | c408 e90d 
  0x000001e28fe0e160: 0000 0049 | ba90 9a01 | 50ff 7f00 | 0041 ffd2 | 4883 c420 | 488b 5b10 | 4881 c340 | 0100 0048 
  0x000001e28fe0e180: 03c3 4889 | 45d8 5b58 | 488b 5de8 | e939 feff | ffba 0000 | 0000 e805 | 0000 00e9 | aa00 0000 
  0x000001e28fe0e1a0: 488d 4424 | 084c 896d | c049 8bcf | c5f8 7749 | 89af 1803 | 0000 4989 | 8708 0300 | 0048 83ec 
  0x000001e28fe0e1c0: 20f7 c40f | 0000 000f | 841a 0000 | 0048 83ec | 0849 ba50 | a601 50ff | 7f00 0041 | ffd2 4883 
  0x000001e28fe0e1e0: c408 e90d | 0000 0049 | ba50 a601 | 50ff 7f00 | 0041 ffd2 | 4883 c420 | 49ba 0000 | 0000 0000 
  0x000001e28fe0e200: 0000 4d89 | 9708 0300 | 0049 ba00 | 0000 0000 | 0000 004d | 8997 1803 | 0000 49ba | 0000 0000 
  0x000001e28fe0e220: 0000 0000 | 4d89 9710 | 0300 00c5 | f877 4981 | 7f08 0000 | 0000 0f84 | 0500 0000 | e93f 2cff 
  0x000001e28fe0e240: ff4c 8b6d | c04c 8b75 | c8c3 488b | 5de8 e977 | fdff ff0f | 1f44 0000 | 0000 0000 | 0000 0000 
[/MachCode]

---------------  P R O C E S S  ---------------

Threads class SMR info:
_java_thread_list=0x000001e2ebbb3a80, length=10, elements={
0x000001e2ebc9f7f0, 0x000001e2ebc20b10, 0x000001e2f46cc4f0, 0x000001e2f4892420,
0x000001e2f4892ce0, 0x000001e2f4893dc0, 0x000001e2f4897ef0, 0x000001e2f489a010,
0x000001e2f4873410, 0x000001e2f49eb500
}

Java Threads: ( => current thread )
=>0x000001e2ebc9f7f0 JavaThread "main" [_thread_in_native, id=7352, stack(0x00000032f7400000,0x00000032f8400000)]
  0x000001e2ebc20b10 JavaThread "Reference Handler" daemon [_thread_blocked, id=9592, stack(0x0000003290000000,0x0000003290200000)]
  0x000001e2f46cc4f0 JavaThread "Finalizer" daemon [_thread_blocked, id=7852, stack(0x0000003290200000,0x0000003290400000)]
  0x000001e2f4892420 JavaThread "Attach Listener" daemon [_thread_blocked, id=8016, stack(0x0000003290400000,0x0000003290600000)]
  0x000001e2f4892ce0 JavaThread "Service Thread" daemon [_thread_blocked, id=18508, stack(0x0000003290600000,0x0000003290800000)]
  0x000001e2f4893dc0 JavaThread "C2 CompilerThread0" daemon [_thread_blocked, id=6104, stack(0x0000003290800000,0x0000003291800000)]
  0x000001e2f4897ef0 JavaThread "C1 CompilerThread0" daemon [_thread_blocked, id=22140, stack(0x0000003291800000,0x0000003292800000)]
  0x000001e2f489a010 JavaThread "Sweeper thread" daemon [_thread_blocked, id=20580, stack(0x0000003292800000,0x0000003292a00000)]
  0x000001e2f4873410 JavaThread "Notification Thread" daemon [_thread_blocked, id=16864, stack(0x0000003292a00000,0x0000003292c00000)]
  0x000001e2f49eb500 JavaThread "Common-Cleaner" daemon [_thread_blocked, id=11920, stack(0x0000003293c00000,0x0000003293e00000)]

Other Threads:
  0x000001e2e7febb90 VMThread "VM Thread" [stack: 0x000000328f000000,0x0000003290000000] [id=5200]
  0x000001e2e7f9fb30 WatcherThread [stack: 0x0000003292c00000,0x0000003293c00000] [id=9016]
  0x000001e2e802f2e0 GCTaskThread "GC Thread#0" [stack: 0x000000328a000000,0x000000328b000000] [id=18680]
  0x000001e2ebc21ed0 ConcurrentGCThread "G1 Main Marker" [stack: 0x000000328b000000,0x000000328c000000] [id=22080]
  0x000001e2e802dc90 ConcurrentGCThread "G1 Conc#0" [stack: 0x000000328c000000,0x000000328d000000] [id=6692]
  0x000001e2f46463f0 ConcurrentGCThread "G1 Refine#0" [stack: 0x000000328d000000,0x000000328e000000] [id=5364]
  0x000001e2e5873fa0 ConcurrentGCThread "G1 Young RemSet Sampling" [stack: 0x000000328e000000,0x000000328f000000] [id=17948]

Threads with active compile tasks:

VM state: not at safepoint (normal execution)

VM Mutex/Monitor currently owned by a thread: None

Heap address: 0x00000000e0000000, size: 512 MB, Compressed Oops mode: 32-bit
CDS archive(s) mapped at: [0x0000000800000000-0x0000000800b50000-0x0000000800b50000), size 11862016, SharedBaseAddress: 0x0000000800000000, ArchiveRelocationMode: 0.
Compressed class space mapped at: 0x0000000800b50000-0x0000000840b50000, size: 1073741824
Narrow klass base: 0x0000000800000000, Narrow klass shift: 3, Narrow klass range: 0x100000000

GC Precious Log:
 CPUs: 8 total, 8 available
 Memory: 16192M
 Large Page Support: Disabled
 NUMA Support: Disabled
 Compressed Oops: Enabled (32-bit)
 Heap Region Size: 1M
 Heap Min Capacity: 8M
 Heap Initial Capacity: 254M
 Heap Max Capacity: 512M
 Pre-touch: Disabled
 Parallel Workers: 8
 Concurrent Workers: 2
 Concurrent Refinement Workers: 8
 Periodic GC: Disabled

Heap:
 garbage-first heap   total 260096K, used 22528K [0x00000000e0000000, 0x0000000100000000)
  region size 1024K, 23 young (23552K), 0 survivors (0K)
 Metaspace       used 6300K, capacity 9551K, committed 9856K, reserved 1058816K
  class space    used 764K, capacity 1073K, committed 1152K, reserved 1048576K

Heap Regions: E=young(eden), S=young(survivor), O=old, HS=humongous(starts), HC=humongous(continues), CS=collection set, F=free, OA=open archive, CA=closed archive, TAMS=top-at-mark-start (previous, next)
|   0|0x00000000e0000000, 0x00000000e0100000, 0x00000000e0100000|100%|HS|  |TAMS 0x00000000e0000000, 0x00000000e0000000| Complete 
|   1|0x00000000e0100000, 0x00000000e0100000, 0x00000000e0200000|  0%| F|  |TAMS 0x00000000e0100000, 0x00000000e0100000| Untracked 
|   2|0x00000000e0200000, 0x00000000e0200000, 0x00000000e0300000|  0%| F|  |TAMS 0x00000000e0200000, 0x00000000e0200000| Untracked 
|   3|0x00000000e0300000, 0x00000000e0300000, 0x00000000e0400000|  0%| F|  |TAMS 0x00000000e0300000, 0x00000000e0300000| Untracked 
|   4|0x00000000e0400000, 0x00000000e0400000, 0x00000000e0500000|  0%| F|  |TAMS 0x00000000e0400000, 0x00000000e0400000| Untracked 
|   5|0x00000000e0500000, 0x00000000e0500000, 0x00000000e0600000|  0%| F|  |TAMS 0x00000000e0500000, 0x00000000e0500000| Untracked 
|   6|0x00000000e0600000, 0x00000000e0600000, 0x00000000e0700000|  0%| F|  |TAMS 0x00000000e0600000, 0x00000000e0600000| Untracked 
|   7|0x00000000e0700000, 0x00000000e0700000, 0x00000000e0800000|  0%| F|  |TAMS 0x00000000e0700000, 0x00000000e0700000| Untracked 
|   8|0x00000000e0800000, 0x00000000e0800000, 0x00000000e0900000|  0%| F|  |TAMS 0x00000000e0800000, 0x00000000e0800000| Untracked 
|   9|0x00000000e0900000, 0x00000000e0900000, 0x00000000e0a00000|  0%| F|  |TAMS 0x00000000e0900000, 0x00000000e0900000| Untracked 
|  10|0x00000000e0a00000, 0x00000000e0a00000, 0x00000000e0b00000|  0%| F|  |TAMS 0x00000000e0a00000, 0x00000000e0a00000| Untracked 
|  11|0x00000000e0b00000, 0x00000000e0b00000, 0x00000000e0c00000|  0%| F|  |TAMS 0x00000000e0b00000, 0x00000000e0b00000| Untracked 
|  12|0x00000000e0c00000, 0x00000000e0c00000, 0x00000000e0d00000|  0%| F|  |TAMS 0x00000000e0c00000, 0x00000000e0c00000| Untracked 
|  13|0x00000000e0d00000, 0x00000000e0d00000, 0x00000000e0e00000|  0%| F|  |TAMS 0x00000000e0d00000, 0x00000000e0d00000| Untracked 
|  14|0x00000000e0e00000, 0x00000000e0e00000, 0x00000000e0f00000|  0%| F|  |TAMS 0x00000000e0e00000, 0x00000000e0e00000| Untracked 
|  15|0x00000000e0f00000, 0x00000000e0f00000, 0x00000000e1000000|  0%| F|  |TAMS 0x00000000e0f00000, 0x00000000e0f00000| Untracked 
|  16|0x00000000e1000000, 0x00000000e1000000, 0x00000000e1100000|  0%| F|  |TAMS 0x00000000e1000000, 0x00000000e1000000| Untracked 
|  17|0x00000000e1100000, 0x00000000e1100000, 0x00000000e1200000|  0%| F|  |TAMS 0x00000000e1100000, 0x00000000e1100000| Untracked 
|  18|0x00000000e1200000, 0x00000000e1200000, 0x00000000e1300000|  0%| F|  |TAMS 0x00000000e1200000, 0x00000000e1200000| Untracked 
|  19|0x00000000e1300000, 0x00000000e1300000, 0x00000000e1400000|  0%| F|  |TAMS 0x00000000e1300000, 0x00000000e1300000| Untracked 
|  20|0x00000000e1400000, 0x00000000e1400000, 0x00000000e1500000|  0%| F|  |TAMS 0x00000000e1400000, 0x00000000e1400000| Untracked 
|  21|0x00000000e1500000, 0x00000000e1500000, 0x00000000e1600000|  0%| F|  |TAMS 0x00000000e1500000, 0x00000000e1500000| Untracked 
|  22|0x00000000e1600000, 0x00000000e1600000, 0x00000000e1700000|  0%| F|  |TAMS 0x00000000e1600000, 0x00000000e1600000| Untracked 
|  23|0x00000000e1700000, 0x00000000e1700000, 0x00000000e1800000|  0%| F|  |TAMS 0x00000000e1700000, 0x00000000e1700000| Untracked 
|  24|0x00000000e1800000, 0x00000000e1800000, 0x00000000e1900000|  0%| F|  |TAMS 0x00000000e1800000, 0x00000000e1800000| Untracked 
|  25|0x00000000e1900000, 0x00000000e1900000, 0x00000000e1a00000|  0%| F|  |TAMS 0x00000000e1900000, 0x00000000e1900000| Untracked 
|  26|0x00000000e1a00000, 0x00000000e1a00000, 0x00000000e1b00000|  0%| F|  |TAMS 0x00000000e1a00000, 0x00000000e1a00000| Untracked 
|  27|0x00000000e1b00000, 0x00000000e1b00000, 0x00000000e1c00000|  0%| F|  |TAMS 0x00000000e1b00000, 0x00000000e1b00000| Untracked 
|  28|0x00000000e1c00000, 0x00000000e1c00000, 0x00000000e1d00000|  0%| F|  |TAMS 0x00000000e1c00000, 0x00000000e1c00000| Untracked 
|  29|0x00000000e1d00000, 0x00000000e1d00000, 0x00000000e1e00000|  0%| F|  |TAMS 0x00000000e1d00000, 0x00000000e1d00000| Untracked 
|  30|0x00000000e1e00000, 0x00000000e1e00000, 0x00000000e1f00000|  0%| F|  |TAMS 0x00000000e1e00000, 0x00000000e1e00000| Untracked 
|  31|0x00000000e1f00000, 0x00000000e1f00000, 0x00000000e2000000|  0%| F|  |TAMS 0x00000000e1f00000, 0x00000000e1f00000| Untracked 
|  32|0x00000000e2000000, 0x00000000e2000000, 0x00000000e2100000|  0%| F|  |TAMS 0x00000000e2000000, 0x00000000e2000000| Untracked 
|  33|0x00000000e2100000, 0x00000000e2100000, 0x00000000e2200000|  0%| F|  |TAMS 0x00000000e2100000, 0x00000000e2100000| Untracked 
|  34|0x00000000e2200000, 0x00000000e2200000, 0x00000000e2300000|  0%| F|  |TAMS 0x00000000e2200000, 0x00000000e2200000| Untracked 
|  35|0x00000000e2300000, 0x00000000e2300000, 0x00000000e2400000|  0%| F|  |TAMS 0x00000000e2300000, 0x00000000e2300000| Untracked 
|  36|0x00000000e2400000, 0x00000000e2400000, 0x00000000e2500000|  0%| F|  |TAMS 0x00000000e2400000, 0x00000000e2400000| Untracked 
|  37|0x00000000e2500000, 0x00000000e2500000, 0x00000000e2600000|  0%| F|  |TAMS 0x00000000e2500000, 0x00000000e2500000| Untracked 
|  38|0x00000000e2600000, 0x00000000e2600000, 0x00000000e2700000|  0%| F|  |TAMS 0x00000000e2600000, 0x00000000e2600000| Untracked 
|  39|0x00000000e2700000, 0x00000000e2700000, 0x00000000e2800000|  0%| F|  |TAMS 0x00000000e2700000, 0x00000000e2700000| Untracked 
|  40|0x00000000e2800000, 0x00000000e2800000, 0x00000000e2900000|  0%| F|  |TAMS 0x00000000e2800000, 0x00000000e2800000| Untracked 
|  41|0x00000000e2900000, 0x00000000e2900000, 0x00000000e2a00000|  0%| F|  |TAMS 0x00000000e2900000, 0x00000000e2900000| Untracked 
|  42|0x00000000e2a00000, 0x00000000e2a00000, 0x00000000e2b00000|  0%| F|  |TAMS 0x00000000e2a00000, 0x00000000e2a00000| Untracked 
|  43|0x00000000e2b00000, 0x00000000e2b00000, 0x00000000e2c00000|  0%| F|  |TAMS 0x00000000e2b00000, 0x00000000e2b00000| Untracked 
|  44|0x00000000e2c00000, 0x00000000e2c00000, 0x00000000e2d00000|  0%| F|  |TAMS 0x00000000e2c00000, 0x00000000e2c00000| Untracked 
|  45|0x00000000e2d00000, 0x00000000e2d00000, 0x00000000e2e00000|  0%| F|  |TAMS 0x00000000e2d00000, 0x00000000e2d00000| Untracked 
|  46|0x00000000e2e00000, 0x00000000e2e00000, 0x00000000e2f00000|  0%| F|  |TAMS 0x00000000e2e00000, 0x00000000e2e00000| Untracked 
|  47|0x00000000e2f00000, 0x00000000e2f00000, 0x00000000e3000000|  0%| F|  |TAMS 0x00000000e2f00000, 0x00000000e2f00000| Untracked 
|  48|0x00000000e3000000, 0x00000000e3000000, 0x00000000e3100000|  0%| F|  |TAMS 0x00000000e3000000, 0x00000000e3000000| Untracked 
|  49|0x00000000e3100000, 0x00000000e3100000, 0x00000000e3200000|  0%| F|  |TAMS 0x00000000e3100000, 0x00000000e3100000| Untracked 
|  50|0x00000000e3200000, 0x00000000e3200000, 0x00000000e3300000|  0%| F|  |TAMS 0x00000000e3200000, 0x00000000e3200000| Untracked 
|  51|0x00000000e3300000, 0x00000000e3300000, 0x00000000e3400000|  0%| F|  |TAMS 0x00000000e3300000, 0x00000000e3300000| Untracked 
|  52|0x00000000e3400000, 0x00000000e3400000, 0x00000000e3500000|  0%| F|  |TAMS 0x00000000e3400000, 0x00000000e3400000| Untracked 
|  53|0x00000000e3500000, 0x00000000e3500000, 0x00000000e3600000|  0%| F|  |TAMS 0x00000000e3500000, 0x00000000e3500000| Untracked 
|  54|0x00000000e3600000, 0x00000000e3600000, 0x00000000e3700000|  0%| F|  |TAMS 0x00000000e3600000, 0x00000000e3600000| Untracked 
|  55|0x00000000e3700000, 0x00000000e3700000, 0x00000000e3800000|  0%| F|  |TAMS 0x00000000e3700000, 0x00000000e3700000| Untracked 
|  56|0x00000000e3800000, 0x00000000e3800000, 0x00000000e3900000|  0%| F|  |TAMS 0x00000000e3800000, 0x00000000e3800000| Untracked 
|  57|0x00000000e3900000, 0x00000000e3900000, 0x00000000e3a00000|  0%| F|  |TAMS 0x00000000e3900000, 0x00000000e3900000| Untracked 
|  58|0x00000000e3a00000, 0x00000000e3a00000, 0x00000000e3b00000|  0%| F|  |TAMS 0x00000000e3a00000, 0x00000000e3a00000| Untracked 
|  59|0x00000000e3b00000, 0x00000000e3b00000, 0x00000000e3c00000|  0%| F|  |TAMS 0x00000000e3b00000, 0x00000000e3b00000| Untracked 
|  60|0x00000000e3c00000, 0x00000000e3c00000, 0x00000000e3d00000|  0%| F|  |TAMS 0x00000000e3c00000, 0x00000000e3c00000| Untracked 
|  61|0x00000000e3d00000, 0x00000000e3d00000, 0x00000000e3e00000|  0%| F|  |TAMS 0x00000000e3d00000, 0x00000000e3d00000| Untracked 
|  62|0x00000000e3e00000, 0x00000000e3e00000, 0x00000000e3f00000|  0%| F|  |TAMS 0x00000000e3e00000, 0x00000000e3e00000| Untracked 
|  63|0x00000000e3f00000, 0x00000000e3f00000, 0x00000000e4000000|  0%| F|  |TAMS 0x00000000e3f00000, 0x00000000e3f00000| Untracked 
|  64|0x00000000e4000000, 0x00000000e4000000, 0x00000000e4100000|  0%| F|  |TAMS 0x00000000e4000000, 0x00000000e4000000| Untracked 
|  65|0x00000000e4100000, 0x00000000e4100000, 0x00000000e4200000|  0%| F|  |TAMS 0x00000000e4100000, 0x00000000e4100000| Untracked 
|  66|0x00000000e4200000, 0x00000000e4200000, 0x00000000e4300000|  0%| F|  |TAMS 0x00000000e4200000, 0x00000000e4200000| Untracked 
|  67|0x00000000e4300000, 0x00000000e4300000, 0x00000000e4400000|  0%| F|  |TAMS 0x00000000e4300000, 0x00000000e4300000| Untracked 
|  68|0x00000000e4400000, 0x00000000e4400000, 0x00000000e4500000|  0%| F|  |TAMS 0x00000000e4400000, 0x00000000e4400000| Untracked 
|  69|0x00000000e4500000, 0x00000000e4500000, 0x00000000e4600000|  0%| F|  |TAMS 0x00000000e4500000, 0x00000000e4500000| Untracked 
|  70|0x00000000e4600000, 0x00000000e4600000, 0x00000000e4700000|  0%| F|  |TAMS 0x00000000e4600000, 0x00000000e4600000| Untracked 
|  71|0x00000000e4700000, 0x00000000e4700000, 0x00000000e4800000|  0%| F|  |TAMS 0x00000000e4700000, 0x00000000e4700000| Untracked 
|  72|0x00000000e4800000, 0x00000000e4800000, 0x00000000e4900000|  0%| F|  |TAMS 0x00000000e4800000, 0x00000000e4800000| Untracked 
|  73|0x00000000e4900000, 0x00000000e4900000, 0x00000000e4a00000|  0%| F|  |TAMS 0x00000000e4900000, 0x00000000e4900000| Untracked 
|  74|0x00000000e4a00000, 0x00000000e4a00000, 0x00000000e4b00000|  0%| F|  |TAMS 0x00000000e4a00000, 0x00000000e4a00000| Untracked 
|  75|0x00000000e4b00000, 0x00000000e4b00000, 0x00000000e4c00000|  0%| F|  |TAMS 0x00000000e4b00000, 0x00000000e4b00000| Untracked 
|  76|0x00000000e4c00000, 0x00000000e4c00000, 0x00000000e4d00000|  0%| F|  |TAMS 0x00000000e4c00000, 0x00000000e4c00000| Untracked 
|  77|0x00000000e4d00000, 0x00000000e4d00000, 0x00000000e4e00000|  0%| F|  |TAMS 0x00000000e4d00000, 0x00000000e4d00000| Untracked 
|  78|0x00000000e4e00000, 0x00000000e4e00000, 0x00000000e4f00000|  0%| F|  |TAMS 0x00000000e4e00000, 0x00000000e4e00000| Untracked 
|  79|0x00000000e4f00000, 0x00000000e4f00000, 0x00000000e5000000|  0%| F|  |TAMS 0x00000000e4f00000, 0x00000000e4f00000| Untracked 
|  80|0x00000000e5000000, 0x00000000e5000000, 0x00000000e5100000|  0%| F|  |TAMS 0x00000000e5000000, 0x00000000e5000000| Untracked 
|  81|0x00000000e5100000, 0x00000000e5100000, 0x00000000e5200000|  0%| F|  |TAMS 0x00000000e5100000, 0x00000000e5100000| Untracked 
|  82|0x00000000e5200000, 0x00000000e5200000, 0x00000000e5300000|  0%| F|  |TAMS 0x00000000e5200000, 0x00000000e5200000| Untracked 
|  83|0x00000000e5300000, 0x00000000e5300000, 0x00000000e5400000|  0%| F|  |TAMS 0x00000000e5300000, 0x00000000e5300000| Untracked 
|  84|0x00000000e5400000, 0x00000000e5400000, 0x00000000e5500000|  0%| F|  |TAMS 0x00000000e5400000, 0x00000000e5400000| Untracked 
|  85|0x00000000e5500000, 0x00000000e5500000, 0x00000000e5600000|  0%| F|  |TAMS 0x00000000e5500000, 0x00000000e5500000| Untracked 
|  86|0x00000000e5600000, 0x00000000e5600000, 0x00000000e5700000|  0%| F|  |TAMS 0x00000000e5600000, 0x00000000e5600000| Untracked 
|  87|0x00000000e5700000, 0x00000000e5700000, 0x00000000e5800000|  0%| F|  |TAMS 0x00000000e5700000, 0x00000000e5700000| Untracked 
|  88|0x00000000e5800000, 0x00000000e5800000, 0x00000000e5900000|  0%| F|  |TAMS 0x00000000e5800000, 0x00000000e5800000| Untracked 
|  89|0x00000000e5900000, 0x00000000e5900000, 0x00000000e5a00000|  0%| F|  |TAMS 0x00000000e5900000, 0x00000000e5900000| Untracked 
|  90|0x00000000e5a00000, 0x00000000e5a00000, 0x00000000e5b00000|  0%| F|  |TAMS 0x00000000e5a00000, 0x00000000e5a00000| Untracked 
|  91|0x00000000e5b00000, 0x00000000e5b00000, 0x00000000e5c00000|  0%| F|  |TAMS 0x00000000e5b00000, 0x00000000e5b00000| Untracked 
|  92|0x00000000e5c00000, 0x00000000e5c00000, 0x00000000e5d00000|  0%| F|  |TAMS 0x00000000e5c00000, 0x00000000e5c00000| Untracked 
|  93|0x00000000e5d00000, 0x00000000e5d00000, 0x00000000e5e00000|  0%| F|  |TAMS 0x00000000e5d00000, 0x00000000e5d00000| Untracked 
|  94|0x00000000e5e00000, 0x00000000e5e00000, 0x00000000e5f00000|  0%| F|  |TAMS 0x00000000e5e00000, 0x00000000e5e00000| Untracked 
|  95|0x00000000e5f00000, 0x00000000e5f00000, 0x00000000e6000000|  0%| F|  |TAMS 0x00000000e5f00000, 0x00000000e5f00000| Untracked 
|  96|0x00000000e6000000, 0x00000000e6000000, 0x00000000e6100000|  0%| F|  |TAMS 0x00000000e6000000, 0x00000000e6000000| Untracked 
|  97|0x00000000e6100000, 0x00000000e6100000, 0x00000000e6200000|  0%| F|  |TAMS 0x00000000e6100000, 0x00000000e6100000| Untracked 
|  98|0x00000000e6200000, 0x00000000e6200000, 0x00000000e6300000|  0%| F|  |TAMS 0x00000000e6200000, 0x00000000e6200000| Untracked 
|  99|0x00000000e6300000, 0x00000000e6300000, 0x00000000e6400000|  0%| F|  |TAMS 0x00000000e6300000, 0x00000000e6300000| Untracked 
| 100|0x00000000e6400000, 0x00000000e6400000, 0x00000000e6500000|  0%| F|  |TAMS 0x00000000e6400000, 0x00000000e6400000| Untracked 
| 101|0x00000000e6500000, 0x00000000e6500000, 0x00000000e6600000|  0%| F|  |TAMS 0x00000000e6500000, 0x00000000e6500000| Untracked 
| 102|0x00000000e6600000, 0x00000000e6600000, 0x00000000e6700000|  0%| F|  |TAMS 0x00000000e6600000, 0x00000000e6600000| Untracked 
| 103|0x00000000e6700000, 0x00000000e6700000, 0x00000000e6800000|  0%| F|  |TAMS 0x00000000e6700000, 0x00000000e6700000| Untracked 
| 104|0x00000000e6800000, 0x00000000e6800000, 0x00000000e6900000|  0%| F|  |TAMS 0x00000000e6800000, 0x00000000e6800000| Untracked 
| 105|0x00000000e6900000, 0x00000000e6900000, 0x00000000e6a00000|  0%| F|  |TAMS 0x00000000e6900000, 0x00000000e6900000| Untracked 
| 106|0x00000000e6a00000, 0x00000000e6a00000, 0x00000000e6b00000|  0%| F|  |TAMS 0x00000000e6a00000, 0x00000000e6a00000| Untracked 
| 107|0x00000000e6b00000, 0x00000000e6b00000, 0x00000000e6c00000|  0%| F|  |TAMS 0x00000000e6b00000, 0x00000000e6b00000| Untracked 
| 108|0x00000000e6c00000, 0x00000000e6c00000, 0x00000000e6d00000|  0%| F|  |TAMS 0x00000000e6c00000, 0x00000000e6c00000| Untracked 
| 109|0x00000000e6d00000, 0x00000000e6d00000, 0x00000000e6e00000|  0%| F|  |TAMS 0x00000000e6d00000, 0x00000000e6d00000| Untracked 
| 110|0x00000000e6e00000, 0x00000000e6e00000, 0x00000000e6f00000|  0%| F|  |TAMS 0x00000000e6e00000, 0x00000000e6e00000| Untracked 
| 111|0x00000000e6f00000, 0x00000000e6f00000, 0x00000000e7000000|  0%| F|  |TAMS 0x00000000e6f00000, 0x00000000e6f00000| Untracked 
| 112|0x00000000e7000000, 0x00000000e7000000, 0x00000000e7100000|  0%| F|  |TAMS 0x00000000e7000000, 0x00000000e7000000| Untracked 
| 113|0x00000000e7100000, 0x00000000e7100000, 0x00000000e7200000|  0%| F|  |TAMS 0x00000000e7100000, 0x00000000e7100000| Untracked 
| 114|0x00000000e7200000, 0x00000000e7200000, 0x00000000e7300000|  0%| F|  |TAMS 0x00000000e7200000, 0x00000000e7200000| Untracked 
| 115|0x00000000e7300000, 0x00000000e7300000, 0x00000000e7400000|  0%| F|  |TAMS 0x00000000e7300000, 0x00000000e7300000| Untracked 
| 116|0x00000000e7400000, 0x00000000e7400000, 0x00000000e7500000|  0%| F|  |TAMS 0x00000000e7400000, 0x00000000e7400000| Untracked 
| 117|0x00000000e7500000, 0x00000000e7500000, 0x00000000e7600000|  0%| F|  |TAMS 0x00000000e7500000, 0x00000000e7500000| Untracked 
| 118|0x00000000e7600000, 0x00000000e7600000, 0x00000000e7700000|  0%| F|  |TAMS 0x00000000e7600000, 0x00000000e7600000| Untracked 
| 119|0x00000000e7700000, 0x00000000e7700000, 0x00000000e7800000|  0%| F|  |TAMS 0x00000000e7700000, 0x00000000e7700000| Untracked 
| 120|0x00000000e7800000, 0x00000000e7800000, 0x00000000e7900000|  0%| F|  |TAMS 0x00000000e7800000, 0x00000000e7800000| Untracked 
| 121|0x00000000e7900000, 0x00000000e7900000, 0x00000000e7a00000|  0%| F|  |TAMS 0x00000000e7900000, 0x00000000e7900000| Untracked 
| 122|0x00000000e7a00000, 0x00000000e7a00000, 0x00000000e7b00000|  0%| F|  |TAMS 0x00000000e7a00000, 0x00000000e7a00000| Untracked 
| 123|0x00000000e7b00000, 0x00000000e7b00000, 0x00000000e7c00000|  0%| F|  |TAMS 0x00000000e7b00000, 0x00000000e7b00000| Untracked 
| 124|0x00000000e7c00000, 0x00000000e7c00000, 0x00000000e7d00000|  0%| F|  |TAMS 0x00000000e7c00000, 0x00000000e7c00000| Untracked 
| 125|0x00000000e7d00000, 0x00000000e7d00000, 0x00000000e7e00000|  0%| F|  |TAMS 0x00000000e7d00000, 0x00000000e7d00000| Untracked 
| 126|0x00000000e7e00000, 0x00000000e7e00000, 0x00000000e7f00000|  0%| F|  |TAMS 0x00000000e7e00000, 0x00000000e7e00000| Untracked 
| 127|0x00000000e7f00000, 0x00000000e7f00000, 0x00000000e8000000|  0%| F|  |TAMS 0x00000000e7f00000, 0x00000000e7f00000| Untracked 
| 128|0x00000000e8000000, 0x00000000e8000000, 0x00000000e8100000|  0%| F|  |TAMS 0x00000000e8000000, 0x00000000e8000000| Untracked 
| 129|0x00000000e8100000, 0x00000000e8100000, 0x00000000e8200000|  0%| F|  |TAMS 0x00000000e8100000, 0x00000000e8100000| Untracked 
| 130|0x00000000e8200000, 0x00000000e8200000, 0x00000000e8300000|  0%| F|  |TAMS 0x00000000e8200000, 0x00000000e8200000| Untracked 
| 131|0x00000000e8300000, 0x00000000e8300000, 0x00000000e8400000|  0%| F|  |TAMS 0x00000000e8300000, 0x00000000e8300000| Untracked 
| 132|0x00000000e8400000, 0x00000000e8400000, 0x00000000e8500000|  0%| F|  |TAMS 0x00000000e8400000, 0x00000000e8400000| Untracked 
| 133|0x00000000e8500000, 0x00000000e8500000, 0x00000000e8600000|  0%| F|  |TAMS 0x00000000e8500000, 0x00000000e8500000| Untracked 
| 134|0x00000000e8600000, 0x00000000e8600000, 0x00000000e8700000|  0%| F|  |TAMS 0x00000000e8600000, 0x00000000e8600000| Untracked 
| 135|0x00000000e8700000, 0x00000000e8700000, 0x00000000e8800000|  0%| F|  |TAMS 0x00000000e8700000, 0x00000000e8700000| Untracked 
| 136|0x00000000e8800000, 0x00000000e8800000, 0x00000000e8900000|  0%| F|  |TAMS 0x00000000e8800000, 0x00000000e8800000| Untracked 
| 137|0x00000000e8900000, 0x00000000e8900000, 0x00000000e8a00000|  0%| F|  |TAMS 0x00000000e8900000, 0x00000000e8900000| Untracked 
| 138|0x00000000e8a00000, 0x00000000e8a00000, 0x00000000e8b00000|  0%| F|  |TAMS 0x00000000e8a00000, 0x00000000e8a00000| Untracked 
| 139|0x00000000e8b00000, 0x00000000e8b00000, 0x00000000e8c00000|  0%| F|  |TAMS 0x00000000e8b00000, 0x00000000e8b00000| Untracked 
| 140|0x00000000e8c00000, 0x00000000e8c00000, 0x00000000e8d00000|  0%| F|  |TAMS 0x00000000e8c00000, 0x00000000e8c00000| Untracked 
| 141|0x00000000e8d00000, 0x00000000e8d00000, 0x00000000e8e00000|  0%| F|  |TAMS 0x00000000e8d00000, 0x00000000e8d00000| Untracked 
| 142|0x00000000e8e00000, 0x00000000e8e00000, 0x00000000e8f00000|  0%| F|  |TAMS 0x00000000e8e00000, 0x00000000e8e00000| Untracked 
| 143|0x00000000e8f00000, 0x00000000e8f00000, 0x00000000e9000000|  0%| F|  |TAMS 0x00000000e8f00000, 0x00000000e8f00000| Untracked 
| 144|0x00000000e9000000, 0x00000000e9000000, 0x00000000e9100000|  0%| F|  |TAMS 0x00000000e9000000, 0x00000000e9000000| Untracked 
| 145|0x00000000e9100000, 0x00000000e9100000, 0x00000000e9200000|  0%| F|  |TAMS 0x00000000e9100000, 0x00000000e9100000| Untracked 
| 146|0x00000000e9200000, 0x00000000e9200000, 0x00000000e9300000|  0%| F|  |TAMS 0x00000000e9200000, 0x00000000e9200000| Untracked 
| 147|0x00000000e9300000, 0x00000000e9300000, 0x00000000e9400000|  0%| F|  |TAMS 0x00000000e9300000, 0x00000000e9300000| Untracked 
| 148|0x00000000e9400000, 0x00000000e9400000, 0x00000000e9500000|  0%| F|  |TAMS 0x00000000e9400000, 0x00000000e9400000| Untracked 
| 149|0x00000000e9500000, 0x00000000e9500000, 0x00000000e9600000|  0%| F|  |TAMS 0x00000000e9500000, 0x00000000e9500000| Untracked 
| 150|0x00000000e9600000, 0x00000000e9600000, 0x00000000e9700000|  0%| F|  |TAMS 0x00000000e9600000, 0x00000000e9600000| Untracked 
| 151|0x00000000e9700000, 0x00000000e9700000, 0x00000000e9800000|  0%| F|  |TAMS 0x00000000e9700000, 0x00000000e9700000| Untracked 
| 152|0x00000000e9800000, 0x00000000e9800000, 0x00000000e9900000|  0%| F|  |TAMS 0x00000000e9800000, 0x00000000e9800000| Untracked 
| 153|0x00000000e9900000, 0x00000000e9900000, 0x00000000e9a00000|  0%| F|  |TAMS 0x00000000e9900000, 0x00000000e9900000| Untracked 
| 154|0x00000000e9a00000, 0x00000000e9a00000, 0x00000000e9b00000|  0%| F|  |TAMS 0x00000000e9a00000, 0x00000000e9a00000| Untracked 
| 155|0x00000000e9b00000, 0x00000000e9b00000, 0x00000000e9c00000|  0%| F|  |TAMS 0x00000000e9b00000, 0x00000000e9b00000| Untracked 
| 156|0x00000000e9c00000, 0x00000000e9c00000, 0x00000000e9d00000|  0%| F|  |TAMS 0x00000000e9c00000, 0x00000000e9c00000| Untracked 
| 157|0x00000000e9d00000, 0x00000000e9d00000, 0x00000000e9e00000|  0%| F|  |TAMS 0x00000000e9d00000, 0x00000000e9d00000| Untracked 
| 158|0x00000000e9e00000, 0x00000000e9e00000, 0x00000000e9f00000|  0%| F|  |TAMS 0x00000000e9e00000, 0x00000000e9e00000| Untracked 
| 159|0x00000000e9f00000, 0x00000000e9f00000, 0x00000000ea000000|  0%| F|  |TAMS 0x00000000e9f00000, 0x00000000e9f00000| Untracked 
| 160|0x00000000ea000000, 0x00000000ea000000, 0x00000000ea100000|  0%| F|  |TAMS 0x00000000ea000000, 0x00000000ea000000| Untracked 
| 161|0x00000000ea100000, 0x00000000ea100000, 0x00000000ea200000|  0%| F|  |TAMS 0x00000000ea100000, 0x00000000ea100000| Untracked 
| 162|0x00000000ea200000, 0x00000000ea200000, 0x00000000ea300000|  0%| F|  |TAMS 0x00000000ea200000, 0x00000000ea200000| Untracked 
| 163|0x00000000ea300000, 0x00000000ea300000, 0x00000000ea400000|  0%| F|  |TAMS 0x00000000ea300000, 0x00000000ea300000| Untracked 
| 164|0x00000000ea400000, 0x00000000ea400000, 0x00000000ea500000|  0%| F|  |TAMS 0x00000000ea400000, 0x00000000ea400000| Untracked 
| 165|0x00000000ea500000, 0x00000000ea500000, 0x00000000ea600000|  0%| F|  |TAMS 0x00000000ea500000, 0x00000000ea500000| Untracked 
| 166|0x00000000ea600000, 0x00000000ea600000, 0x00000000ea700000|  0%| F|  |TAMS 0x00000000ea600000, 0x00000000ea600000| Untracked 
| 167|0x00000000ea700000, 0x00000000ea700000, 0x00000000ea800000|  0%| F|  |TAMS 0x00000000ea700000, 0x00000000ea700000| Untracked 
| 168|0x00000000ea800000, 0x00000000ea800000, 0x00000000ea900000|  0%| F|  |TAMS 0x00000000ea800000, 0x00000000ea800000| Untracked 
| 169|0x00000000ea900000, 0x00000000ea900000, 0x00000000eaa00000|  0%| F|  |TAMS 0x00000000ea900000, 0x00000000ea900000| Untracked 
| 170|0x00000000eaa00000, 0x00000000eaa00000, 0x00000000eab00000|  0%| F|  |TAMS 0x00000000eaa00000, 0x00000000eaa00000| Untracked 
| 171|0x00000000eab00000, 0x00000000eab00000, 0x00000000eac00000|  0%| F|  |TAMS 0x00000000eab00000, 0x00000000eab00000| Untracked 
| 172|0x00000000eac00000, 0x00000000eac00000, 0x00000000ead00000|  0%| F|  |TAMS 0x00000000eac00000, 0x00000000eac00000| Untracked 
| 173|0x00000000ead00000, 0x00000000ead00000, 0x00000000eae00000|  0%| F|  |TAMS 0x00000000ead00000, 0x00000000ead00000| Untracked 
| 174|0x00000000eae00000, 0x00000000eae00000, 0x00000000eaf00000|  0%| F|  |TAMS 0x00000000eae00000, 0x00000000eae00000| Untracked 
| 175|0x00000000eaf00000, 0x00000000eaf00000, 0x00000000eb000000|  0%| F|  |TAMS 0x00000000eaf00000, 0x00000000eaf00000| Untracked 
| 176|0x00000000eb000000, 0x00000000eb000000, 0x00000000eb100000|  0%| F|  |TAMS 0x00000000eb000000, 0x00000000eb000000| Untracked 
| 177|0x00000000eb100000, 0x00000000eb100000, 0x00000000eb200000|  0%| F|  |TAMS 0x00000000eb100000, 0x00000000eb100000| Untracked 
| 178|0x00000000eb200000, 0x00000000eb200000, 0x00000000eb300000|  0%| F|  |TAMS 0x00000000eb200000, 0x00000000eb200000| Untracked 
| 179|0x00000000eb300000, 0x00000000eb300000, 0x00000000eb400000|  0%| F|  |TAMS 0x00000000eb300000, 0x00000000eb300000| Untracked 
| 180|0x00000000eb400000, 0x00000000eb400000, 0x00000000eb500000|  0%| F|  |TAMS 0x00000000eb400000, 0x00000000eb400000| Untracked 
| 181|0x00000000eb500000, 0x00000000eb500000, 0x00000000eb600000|  0%| F|  |TAMS 0x00000000eb500000, 0x00000000eb500000| Untracked 
| 182|0x00000000eb600000, 0x00000000eb600000, 0x00000000eb700000|  0%| F|  |TAMS 0x00000000eb600000, 0x00000000eb600000| Untracked 
| 183|0x00000000eb700000, 0x00000000eb700000, 0x00000000eb800000|  0%| F|  |TAMS 0x00000000eb700000, 0x00000000eb700000| Untracked 
| 184|0x00000000eb800000, 0x00000000eb800000, 0x00000000eb900000|  0%| F|  |TAMS 0x00000000eb800000, 0x00000000eb800000| Untracked 
| 185|0x00000000eb900000, 0x00000000eb900000, 0x00000000eba00000|  0%| F|  |TAMS 0x00000000eb900000, 0x00000000eb900000| Untracked 
| 186|0x00000000eba00000, 0x00000000eba00000, 0x00000000ebb00000|  0%| F|  |TAMS 0x00000000eba00000, 0x00000000eba00000| Untracked 
| 187|0x00000000ebb00000, 0x00000000ebb00000, 0x00000000ebc00000|  0%| F|  |TAMS 0x00000000ebb00000, 0x00000000ebb00000| Untracked 
| 188|0x00000000ebc00000, 0x00000000ebc00000, 0x00000000ebd00000|  0%| F|  |TAMS 0x00000000ebc00000, 0x00000000ebc00000| Untracked 
| 189|0x00000000ebd00000, 0x00000000ebd00000, 0x00000000ebe00000|  0%| F|  |TAMS 0x00000000ebd00000, 0x00000000ebd00000| Untracked 
| 190|0x00000000ebe00000, 0x00000000ebe00000, 0x00000000ebf00000|  0%| F|  |TAMS 0x00000000ebe00000, 0x00000000ebe00000| Untracked 
| 191|0x00000000ebf00000, 0x00000000ebf00000, 0x00000000ec000000|  0%| F|  |TAMS 0x00000000ebf00000, 0x00000000ebf00000| Untracked 
| 192|0x00000000ec000000, 0x00000000ec000000, 0x00000000ec100000|  0%| F|  |TAMS 0x00000000ec000000, 0x00000000ec000000| Untracked 
| 193|0x00000000ec100000, 0x00000000ec100000, 0x00000000ec200000|  0%| F|  |TAMS 0x00000000ec100000, 0x00000000ec100000| Untracked 
| 194|0x00000000ec200000, 0x00000000ec200000, 0x00000000ec300000|  0%| F|  |TAMS 0x00000000ec200000, 0x00000000ec200000| Untracked 
| 195|0x00000000ec300000, 0x00000000ec300000, 0x00000000ec400000|  0%| F|  |TAMS 0x00000000ec300000, 0x00000000ec300000| Untracked 
| 196|0x00000000ec400000, 0x00000000ec400000, 0x00000000ec500000|  0%| F|  |TAMS 0x00000000ec400000, 0x00000000ec400000| Untracked 
| 197|0x00000000ec500000, 0x00000000ec500000, 0x00000000ec600000|  0%| F|  |TAMS 0x00000000ec500000, 0x00000000ec500000| Untracked 
| 198|0x00000000ec600000, 0x00000000ec600000, 0x00000000ec700000|  0%| F|  |TAMS 0x00000000ec600000, 0x00000000ec600000| Untracked 
| 199|0x00000000ec700000, 0x00000000ec700000, 0x00000000ec800000|  0%| F|  |TAMS 0x00000000ec700000, 0x00000000ec700000| Untracked 
| 200|0x00000000ec800000, 0x00000000ec800000, 0x00000000ec900000|  0%| F|  |TAMS 0x00000000ec800000, 0x00000000ec800000| Untracked 
| 201|0x00000000ec900000, 0x00000000ec900000, 0x00000000eca00000|  0%| F|  |TAMS 0x00000000ec900000, 0x00000000ec900000| Untracked 
| 202|0x00000000eca00000, 0x00000000eca00000, 0x00000000ecb00000|  0%| F|  |TAMS 0x00000000eca00000, 0x00000000eca00000| Untracked 
| 203|0x00000000ecb00000, 0x00000000ecb00000, 0x00000000ecc00000|  0%| F|  |TAMS 0x00000000ecb00000, 0x00000000ecb00000| Untracked 
| 204|0x00000000ecc00000, 0x00000000ecc00000, 0x00000000ecd00000|  0%| F|  |TAMS 0x00000000ecc00000, 0x00000000ecc00000| Untracked 
| 205|0x00000000ecd00000, 0x00000000ecd00000, 0x00000000ece00000|  0%| F|  |TAMS 0x00000000ecd00000, 0x00000000ecd00000| Untracked 
| 206|0x00000000ece00000, 0x00000000ece00000, 0x00000000ecf00000|  0%| F|  |TAMS 0x00000000ece00000, 0x00000000ece00000| Untracked 
| 207|0x00000000ecf00000, 0x00000000ecf00000, 0x00000000ed000000|  0%| F|  |TAMS 0x00000000ecf00000, 0x00000000ecf00000| Untracked 
| 208|0x00000000ed000000, 0x00000000ed000000, 0x00000000ed100000|  0%| F|  |TAMS 0x00000000ed000000, 0x00000000ed000000| Untracked 
| 209|0x00000000ed100000, 0x00000000ed100000, 0x00000000ed200000|  0%| F|  |TAMS 0x00000000ed100000, 0x00000000ed100000| Untracked 
| 210|0x00000000ed200000, 0x00000000ed200000, 0x00000000ed300000|  0%| F|  |TAMS 0x00000000ed200000, 0x00000000ed200000| Untracked 
| 211|0x00000000ed300000, 0x00000000ed300000, 0x00000000ed400000|  0%| F|  |TAMS 0x00000000ed300000, 0x00000000ed300000| Untracked 
| 212|0x00000000ed400000, 0x00000000ed400000, 0x00000000ed500000|  0%| F|  |TAMS 0x00000000ed400000, 0x00000000ed400000| Untracked 
| 213|0x00000000ed500000, 0x00000000ed500000, 0x00000000ed600000|  0%| F|  |TAMS 0x00000000ed500000, 0x00000000ed500000| Untracked 
| 214|0x00000000ed600000, 0x00000000ed600000, 0x00000000ed700000|  0%| F|  |TAMS 0x00000000ed600000, 0x00000000ed600000| Untracked 
| 215|0x00000000ed700000, 0x00000000ed700000, 0x00000000ed800000|  0%| F|  |TAMS 0x00000000ed700000, 0x00000000ed700000| Untracked 
| 216|0x00000000ed800000, 0x00000000ed800000, 0x00000000ed900000|  0%| F|  |TAMS 0x00000000ed800000, 0x00000000ed800000| Untracked 
| 217|0x00000000ed900000, 0x00000000ed900000, 0x00000000eda00000|  0%| F|  |TAMS 0x00000000ed900000, 0x00000000ed900000| Untracked 
| 218|0x00000000eda00000, 0x00000000eda00000, 0x00000000edb00000|  0%| F|  |TAMS 0x00000000eda00000, 0x00000000eda00000| Untracked 
| 219|0x00000000edb00000, 0x00000000edb00000, 0x00000000edc00000|  0%| F|  |TAMS 0x00000000edb00000, 0x00000000edb00000| Untracked 
| 220|0x00000000edc00000, 0x00000000edc00000, 0x00000000edd00000|  0%| F|  |TAMS 0x00000000edc00000, 0x00000000edc00000| Untracked 
| 221|0x00000000edd00000, 0x00000000edd00000, 0x00000000ede00000|  0%| F|  |TAMS 0x00000000edd00000, 0x00000000edd00000| Untracked 
| 222|0x00000000ede00000, 0x00000000ede00000, 0x00000000edf00000|  0%| F|  |TAMS 0x00000000ede00000, 0x00000000ede00000| Untracked 
| 223|0x00000000edf00000, 0x00000000edf00000, 0x00000000ee000000|  0%| F|  |TAMS 0x00000000edf00000, 0x00000000edf00000| Untracked 
| 224|0x00000000ee000000, 0x00000000ee000000, 0x00000000ee100000|  0%| F|  |TAMS 0x00000000ee000000, 0x00000000ee000000| Untracked 
| 225|0x00000000ee100000, 0x00000000ee100000, 0x00000000ee200000|  0%| F|  |TAMS 0x00000000ee100000, 0x00000000ee100000| Untracked 
| 226|0x00000000ee200000, 0x00000000ee200000, 0x00000000ee300000|  0%| F|  |TAMS 0x00000000ee200000, 0x00000000ee200000| Untracked 
| 227|0x00000000ee300000, 0x00000000ee300000, 0x00000000ee400000|  0%| F|  |TAMS 0x00000000ee300000, 0x00000000ee300000| Untracked 
| 228|0x00000000ee400000, 0x00000000ee400000, 0x00000000ee500000|  0%| F|  |TAMS 0x00000000ee400000, 0x00000000ee400000| Untracked 
| 229|0x00000000ee500000, 0x00000000ee500000, 0x00000000ee600000|  0%| F|  |TAMS 0x00000000ee500000, 0x00000000ee500000| Untracked 
| 230|0x00000000ee600000, 0x00000000ee600000, 0x00000000ee700000|  0%| F|  |TAMS 0x00000000ee600000, 0x00000000ee600000| Untracked 
| 231|0x00000000ee700000, 0x00000000ee7edfd0, 0x00000000ee800000| 92%| E|  |TAMS 0x00000000ee700000, 0x00000000ee700000| Complete 
| 232|0x00000000ee800000, 0x00000000ee900000, 0x00000000ee900000|100%| E|CS|TAMS 0x00000000ee800000, 0x00000000ee800000| Complete 
| 233|0x00000000ee900000, 0x00000000eea00000, 0x00000000eea00000|100%| E|CS|TAMS 0x00000000ee900000, 0x00000000ee900000| Complete 
| 234|0x00000000eea00000, 0x00000000eeb00000, 0x00000000eeb00000|100%| E|CS|TAMS 0x00000000eea00000, 0x00000000eea00000| Complete 
| 235|0x00000000eeb00000, 0x00000000eec00000, 0x00000000eec00000|100%| E|CS|TAMS 0x00000000eeb00000, 0x00000000eeb00000| Complete 
| 236|0x00000000eec00000, 0x00000000eed00000, 0x00000000eed00000|100%| E|CS|TAMS 0x00000000eec00000, 0x00000000eec00000| Complete 
| 237|0x00000000eed00000, 0x00000000eee00000, 0x00000000eee00000|100%| E|CS|TAMS 0x00000000eed00000, 0x00000000eed00000| Complete 
| 238|0x00000000eee00000, 0x00000000eef00000, 0x00000000eef00000|100%| E|CS|TAMS 0x00000000eee00000, 0x00000000eee00000| Complete 
| 239|0x00000000eef00000, 0x00000000ef000000, 0x00000000ef000000|100%| E|CS|TAMS 0x00000000eef00000, 0x00000000eef00000| Complete 
| 240|0x00000000ef000000, 0x00000000ef100000, 0x00000000ef100000|100%| E|CS|TAMS 0x00000000ef000000, 0x00000000ef000000| Complete 
| 241|0x00000000ef100000, 0x00000000ef200000, 0x00000000ef200000|100%| E|  |TAMS 0x00000000ef100000, 0x00000000ef100000| Complete 
| 242|0x00000000ef200000, 0x00000000ef300000, 0x00000000ef300000|100%| E|CS|TAMS 0x00000000ef200000, 0x00000000ef200000| Complete 
| 243|0x00000000ef300000, 0x00000000ef400000, 0x00000000ef400000|100%| E|CS|TAMS 0x00000000ef300000, 0x00000000ef300000| Complete 
| 244|0x00000000ef400000, 0x00000000ef500000, 0x00000000ef500000|100%| E|CS|TAMS 0x00000000ef400000, 0x00000000ef400000| Complete 
| 245|0x00000000ef500000, 0x00000000ef600000, 0x00000000ef600000|100%| E|CS|TAMS 0x00000000ef500000, 0x00000000ef500000| Complete 
| 246|0x00000000ef600000, 0x00000000ef700000, 0x00000000ef700000|100%| E|CS|TAMS 0x00000000ef600000, 0x00000000ef600000| Complete 
| 247|0x00000000ef700000, 0x00000000ef800000, 0x00000000ef800000|100%| E|CS|TAMS 0x00000000ef700000, 0x00000000ef700000| Complete 
| 248|0x00000000ef800000, 0x00000000ef900000, 0x00000000ef900000|100%| E|CS|TAMS 0x00000000ef800000, 0x00000000ef800000| Complete 
| 249|0x00000000ef900000, 0x00000000efa00000, 0x00000000efa00000|100%| E|CS|TAMS 0x00000000ef900000, 0x00000000ef900000| Complete 
| 250|0x00000000efa00000, 0x00000000efb00000, 0x00000000efb00000|100%| E|CS|TAMS 0x00000000efa00000, 0x00000000efa00000| Complete 
| 251|0x00000000efb00000, 0x00000000efc00000, 0x00000000efc00000|100%| E|CS|TAMS 0x00000000efb00000, 0x00000000efb00000| Complete 
| 252|0x00000000efc00000, 0x00000000efd00000, 0x00000000efd00000|100%| E|CS|TAMS 0x00000000efc00000, 0x00000000efc00000| Complete 
| 253|0x00000000efd00000, 0x00000000efe00000, 0x00000000efe00000|100%| E|CS|TAMS 0x00000000efd00000, 0x00000000efd00000| Complete 

Card table byte_map: [0x000001e29f970000,0x000001e29fa70000] _byte_map_base: 0x000001e29f270000

Marking Bits (Prev, Next): (CMBitMap*) 0x000001e2e813cbc0, (CMBitMap*) 0x000001e2e813cc00
 Prev Bits: [0x000001e29fb70000, 0x000001e2a0370000)
 Next Bits: [0x000001e2a0370000, 0x000001e2a0b70000)

Polling page: 0x000001e28fde0000

Metaspace:

Usage:
  Non-class:      8.28 MB capacity,     5.41 MB ( 65%) used,     2.87 MB ( 35%) free+waste,     5.25 KB ( <1%) overhead. 
      Class:      1.05 MB capacity,   764.51 KB ( 71%) used,   306.43 KB ( 29%) free+waste,     2.06 KB ( <1%) overhead. 
       Both:      9.33 MB capacity,     6.15 MB ( 66%) used,     3.17 MB ( 34%) free+waste,     7.31 KB ( <1%) overhead. 

Virtual space:
  Non-class space:       10.00 MB reserved,       8.50 MB ( 85%) committed 
      Class space:        1.00 GB reserved,       1.12 MB ( <1%) committed 
             Both:        1.01 GB reserved,       9.62 MB ( <1%) committed 

Chunk freelists:
   Non-Class:  34.00 KB
       Class:  15.00 KB
        Both:  49.00 KB

MaxMetaspaceSize: 17179869184.00 GB
CompressedClassSpaceSize: 1.00 GB

CodeHeap 'non-profiled nmethods': size=120000Kb used=320Kb max_used=320Kb free=119679Kb
 bounds [0x000001e2978d0000, 0x000001e297b40000, 0x000001e29ee00000]
CodeHeap 'profiled nmethods': size=120000Kb used=1652Kb max_used=1652Kb free=118347Kb
 bounds [0x000001e2903a0000, 0x000001e290610000, 0x000001e2978d0000]
CodeHeap 'non-nmethods': size=5760Kb used=1131Kb max_used=1156Kb free=4628Kb
 bounds [0x000001e28fe00000, 0x000001e290070000, 0x000001e2903a0000]
 total_blobs=1280 nmethods=902 adapters=291
 compilation: enabled
              stopped_count=0, restarted_count=0
 full_count=0

Compilation events (20 events):
Event: 41.373 Thread 0x000001e2f4897ef0  893       3       java.io.PushbackInputStream::read (145 bytes)
Event: 41.373 Thread 0x000001e2f4897ef0 nmethod 893 0x000001e290537990 code [0x000001e290537bc0, 0x000001e2905384c8]
Event: 41.375 Thread 0x000001e2f4897ef0  894   !   3       org.apache.poi.poifs.storage.BlockListImpl::remove (110 bytes)
Event: 41.376 Thread 0x000001e2f4897ef0 nmethod 894 0x000001e290538790 code [0x000001e290538ae0, 0x000001e290539b88]
Event: 41.376 Thread 0x000001e2f4897ef0  896       3       org.apache.poi.poifs.storage.RawDataBlock::getData (22 bytes)
Event: 41.376 Thread 0x000001e2f4897ef0 nmethod 896 0x000001e29053a310 code [0x000001e29053a4c0, 0x000001e29053a6e8]
Event: 41.376 Thread 0x000001e2f4897ef0  895       3       org.apache.poi.util.IntList::get (49 bytes)
Event: 41.377 Thread 0x000001e2f4897ef0 nmethod 895 0x000001e29053a810 code [0x000001e29053aa60, 0x000001e29053b1a8]
Event: 69.556 Thread 0x000001e2f4897ef0  897       3       org.apache.poi.util.ShortField::<init> (41 bytes)
Event: 69.557 Thread 0x000001e2f4893dc0  898       4       org.apache.poi.poifs.storage.SmallDocumentBlock::<init> (21 bytes)
Event: 69.557 Thread 0x000001e2f4897ef0 nmethod 897 0x000001e29053b510 code [0x000001e29053b740, 0x000001e29053be18]
Event: 69.557 Thread 0x000001e2f4897ef0  899       3       org.apache.poi.util.ShortField::set (11 bytes)
Event: 69.557 Thread 0x000001e2f4897ef0 nmethod 899 0x000001e29053c110 code [0x000001e29053c2c0, 0x000001e29053c468]
Event: 69.557 Thread 0x000001e2f4897ef0  900       3       org.apache.poi.util.ShortField::writeToBytes (13 bytes)
Event: 69.557 Thread 0x000001e2f4897ef0 nmethod 900 0x000001e29053c590 code [0x000001e29053c740, 0x000001e29053c888]
Event: 69.557 Thread 0x000001e2f4897ef0  901       3       org.apache.poi.util.LittleEndian::putShort (32 bytes)
Event: 69.557 Thread 0x000001e2f4897ef0 nmethod 901 0x000001e29053c910 code [0x000001e29053caa0, 0x000001e29053cbd8]
Event: 69.557 Thread 0x000001e2f4897ef0  902       3       org.apache.poi.util.ShortField::<init> (12 bytes)
Event: 69.558 Thread 0x000001e2f4897ef0 nmethod 902 0x000001e29053cd10 code [0x000001e29053cee0, 0x000001e29053d158]
Event: 69.560 Thread 0x000001e2f4893dc0 nmethod 898 0x000001e29791fb90 code [0x000001e29791fd20, 0x000001e2979200f8]

GC Heap History (0 events):
No events

Deoptimization events (20 events):
Event: 19.718 Thread 0x000001e2ebc9f7f0 Uncommon trap: trap_request=0xffffffde fr.pc=0x000001e297919acc relative=0x000000000000012c
Event: 19.718 Thread 0x000001e2ebc9f7f0 Uncommon trap: reason=class_check action=maybe_recompile pc=0x000001e297919acc method=jdk.internal.misc.Unsafe.allocateUninitializedArray(Ljava/lang/Class;I)Ljava/lang/Object; @ 51 c2
Event: 19.718 Thread 0x000001e2ebc9f7f0 DEOPT PACKING pc=0x000001e297919acc sp=0x00000032f83f1690
Event: 19.718 Thread 0x000001e2ebc9f7f0 DEOPT UNPACKING pc=0x000001e28fe4e42f sp=0x00000032f83f1618 mode 2
Event: 19.718 Thread 0x000001e2ebc9f7f0 Uncommon trap: trap_request=0xffffffde fr.pc=0x000001e297919acc relative=0x000000000000012c
Event: 19.718 Thread 0x000001e2ebc9f7f0 Uncommon trap: reason=class_check action=maybe_recompile pc=0x000001e297919acc method=jdk.internal.misc.Unsafe.allocateUninitializedArray(Ljava/lang/Class;I)Ljava/lang/Object; @ 51 c2
Event: 19.718 Thread 0x000001e2ebc9f7f0 DEOPT PACKING pc=0x000001e297919acc sp=0x00000032f83f1b40
Event: 19.718 Thread 0x000001e2ebc9f7f0 DEOPT UNPACKING pc=0x000001e28fe4e42f sp=0x00000032f83f1ac8 mode 2
Event: 19.719 Thread 0x000001e2ebc9f7f0 Uncommon trap: trap_request=0xffffffde fr.pc=0x000001e297919acc relative=0x000000000000012c
Event: 19.719 Thread 0x000001e2ebc9f7f0 Uncommon trap: reason=class_check action=maybe_recompile pc=0x000001e297919acc method=jdk.internal.misc.Unsafe.allocateUninitializedArray(Ljava/lang/Class;I)Ljava/lang/Object; @ 51 c2
Event: 19.719 Thread 0x000001e2ebc9f7f0 DEOPT PACKING pc=0x000001e297919acc sp=0x00000032f83f19b0
Event: 19.719 Thread 0x000001e2ebc9f7f0 DEOPT UNPACKING pc=0x000001e28fe4e42f sp=0x00000032f83f1938 mode 2
Event: 19.719 Thread 0x000001e2ebc9f7f0 Uncommon trap: trap_request=0xffffffde fr.pc=0x000001e297919acc relative=0x000000000000012c
Event: 19.719 Thread 0x000001e2ebc9f7f0 Uncommon trap: reason=class_check action=maybe_recompile pc=0x000001e297919acc method=jdk.internal.misc.Unsafe.allocateUninitializedArray(Ljava/lang/Class;I)Ljava/lang/Object; @ 51 c2
Event: 19.719 Thread 0x000001e2ebc9f7f0 DEOPT PACKING pc=0x000001e297919acc sp=0x00000032f83f1690
Event: 19.719 Thread 0x000001e2ebc9f7f0 DEOPT UNPACKING pc=0x000001e28fe4e42f sp=0x00000032f83f1618 mode 2
Event: 19.729 Thread 0x000001e2ebc9f7f0 Uncommon trap: trap_request=0xffffff45 fr.pc=0x000001e2978fd664 relative=0x0000000000000204
Event: 19.729 Thread 0x000001e2ebc9f7f0 Uncommon trap: reason=unstable_if action=reinterpret pc=0x000001e2978fd664 method=java.util.HashMap.putVal(ILjava/lang/Object;Ljava/lang/Object;ZZ)Ljava/lang/Object; @ 162 c2
Event: 19.729 Thread 0x000001e2ebc9f7f0 DEOPT PACKING pc=0x000001e2978fd664 sp=0x00000032f83f1bb0
Event: 19.729 Thread 0x000001e2ebc9f7f0 DEOPT UNPACKING pc=0x000001e28fe4e42f sp=0x00000032f83f1b50 mode 2

Classes unloaded (0 events):
No events

Classes redefined (0 events):
No events

Internal exceptions (11 events):
Event: 0.586 Thread 0x000001e2ebc9f7f0 Exception <a 'java/lang/NoSuchMethodError'{0x00000000ef5b79f0}: 'java.lang.Object java.lang.invoke.DirectMethodHandle$Holder.invokeStatic(java.lang.Object)'> (0x00000000ef5b79f0) 
thrown [./open/src/hotspot/share/interpreter/linkResolver.cpp, line 782]
Event: 0.586 Thread 0x000001e2ebc9f7f0 Exception <a 'java/lang/NoSuchMethodError'{0x00000000ef5bb5a8}: 'java.lang.Object java.lang.invoke.DirectMethodHandle$Holder.invokeStaticInit(java.lang.Object)'> (0x00000000ef5bb5a8) 
thrown [./open/src/hotspot/share/interpreter/linkResolver.cpp, line 782]
Event: 0.589 Thread 0x000001e2ebc9f7f0 Exception <a 'java/lang/NoSuchMethodError'{0x00000000ef5c3dd0}: 'void java.lang.invoke.DirectMethodHandle$Holder.invokeSpecial(java.lang.Object, java.lang.Object, java.lang.Object)'> (0x00000000ef5c3dd0) 
thrown [./open/src/hotspot/share/interpreter/linkResolver.cpp, line 782]
Event: 0.590 Thread 0x000001e2ebc9f7f0 Exception <a 'java/lang/NoSuchMethodError'{0x00000000ef5cde30}: 'java.lang.Object java.lang.invoke.DirectMethodHandle$Holder.invokeInterface(java.lang.Object, java.lang.Object)'> (0x00000000ef5cde30) 
thrown [./open/src/hotspot/share/interpreter/linkResolver.cpp, line 782]
Event: 19.650 Thread 0x000001e2ebc9f7f0 Implicit null exception at 0x000001e2978effd7 to 0x000001e2978f058c
Event: 19.756 Thread 0x000001e2ebc9f7f0 Exception <a 'java/lang/NullPointerException'{0x00000000ee8a9028}> (0x00000000ee8a9028) 
thrown [./open/src/hotspot/share/interpreter/linkResolver.cpp, line 1374]
Event: 19.756 Thread 0x000001e2ebc9f7f0 Exception <a 'java/lang/reflect/InvocationTargetException'{0x00000000ee8a9300}> (0x00000000ee8a9300) 
thrown [./open/src/hotspot/share/runtime/reflection.cpp, line 1157]
Event: 41.376 Thread 0x000001e2ebc9f7f0 Exception <a 'java/lang/NullPointerException'{0x00000000ee710f60}> (0x00000000ee710f60) 
thrown [./open/src/hotspot/share/interpreter/linkResolver.cpp, line 1374]
Event: 41.376 Thread 0x000001e2ebc9f7f0 Exception <a 'java/lang/reflect/InvocationTargetException'{0x00000000ee711238}> (0x00000000ee711238) 
thrown [./open/src/hotspot/share/runtime/reflection.cpp, line 1157]
Event: 69.557 Thread 0x000001e2ebc9f7f0 Exception <a 'java/lang/NullPointerException'{0x00000000ee77a060}> (0x00000000ee77a060) 
thrown [./open/src/hotspot/share/interpreter/linkResolver.cpp, line 1374]
Event: 69.557 Thread 0x000001e2ebc9f7f0 Exception <a 'java/lang/reflect/InvocationTargetException'{0x00000000ee77a338}> (0x00000000ee77a338) 
thrown [./open/src/hotspot/share/runtime/reflection.cpp, line 1157]

Events (20 events):
Event: 5.789 Thread 0x000001e2a3ee2c10 Thread exited: 0x000001e2a3ee2c10
Event: 5.805 Thread 0x000001e2f4cfe860 Thread exited: 0x000001e2f4cfe860
Event: 19.610 loading class java/io/PushbackInputStream
Event: 19.610 loading class java/io/PushbackInputStream done
Event: 19.610 loading class java/lang/PublicMethods
Event: 19.611 loading class java/lang/PublicMethods done
Event: 19.636 loading class java/util/zip/Checksum
Event: 19.636 loading class java/util/zip/Checksum done
Event: 19.637 loading class java/lang/ArrayIndexOutOfBoundsException
Event: 19.637 loading class java/lang/ArrayIndexOutOfBoundsException done
Event: 19.656 loading class java/nio/BufferUnderflowException
Event: 19.656 loading class java/nio/BufferUnderflowException done
Event: 19.668 loading class java/util/Stack
Event: 19.669 loading class java/util/Stack done
Event: 19.669 Executing VM operation: HandshakeAllThreads
Event: 19.669 Executing VM operation: HandshakeAllThreads done
Event: 19.723 loading class jdk/internal/reflect/UnsafeQualifiedStaticShortFieldAccessorImpl
Event: 19.724 loading class jdk/internal/reflect/UnsafeQualifiedStaticShortFieldAccessorImpl done
Event: 19.741 loading class java/lang/Byte$ByteCache
Event: 19.741 loading class java/lang/Byte$ByteCache done


Dynamic libraries:
0x00007ff706fb0000 - 0x00007ff707977000 	C:\Program Files\RStudio\bin\rsession.exe
0x00007fffd7650000 - 0x00007fffd7846000 	C:\WINDOWS\SYSTEM32\ntdll.dll
0x00007fffd6e90000 - 0x00007fffd6f4d000 	C:\WINDOWS\System32\KERNEL32.DLL
0x00007fffd5030000 - 0x00007fffd52f9000 	C:\WINDOWS\System32\KERNELBASE.dll
0x00007fffd6d20000 - 0x00007fffd6dcc000 	C:\WINDOWS\System32\ADVAPI32.dll
0x00007fffd5d10000 - 0x00007fffd5dae000 	C:\WINDOWS\System32\msvcrt.dll
0x00007fffd5f00000 - 0x00007fffd5f9c000 	C:\WINDOWS\System32\sechost.dll
0x00007fffd5dd0000 - 0x00007fffd5efb000 	C:\WINDOWS\System32\RPCRT4.dll
0x00007fffd5bf0000 - 0x00007fffd5c5b000 	C:\WINDOWS\System32\WS2_32.dll
0x00007fffd6dd0000 - 0x00007fffd6e25000 	C:\WINDOWS\System32\SHLWAPI.dll
0x00007fffd7210000 - 0x00007fffd73b0000 	C:\WINDOWS\System32\USER32.dll
0x00007fffd5000000 - 0x00007fffd5022000 	C:\WINDOWS\System32\win32u.dll
0x00007fffd4580000 - 0x00007fffd45ea000 	C:\WINDOWS\SYSTEM32\MSWSOCK.dll
0x00007fffd5ce0000 - 0x00007fffd5d0a000 	C:\WINDOWS\System32\GDI32.dll
0x00007fffd4ef0000 - 0x00007fffd4ff9000 	C:\WINDOWS\System32\gdi32full.dll
0x000000006c700000 - 0x000000006e64b000 	C:\Program Files\R\R-4.0.3\bin\x64\R.dll
0x0000000063540000 - 0x00000000635ef000 	C:\Program Files\R\R-4.0.3\bin\x64\Rgraphapp.dll
0x00007fffd5380000 - 0x00007fffd541d000 	C:\WINDOWS\System32\msvcp_win.dll
0x00007fffd61c0000 - 0x00007fffd6902000 	C:\WINDOWS\System32\SHELL32.dll
0x00007fffd54d0000 - 0x00007fffd55d0000 	C:\WINDOWS\System32\ucrtbase.dll
0x00007fffd7530000 - 0x00007fffd760b000 	C:\WINDOWS\System32\comdlg32.dll
0x00007fffd5fb0000 - 0x00007fffd60da000 	C:\WINDOWS\System32\ole32.dll
0x00007fffd6910000 - 0x00007fffd6c66000 	C:\WINDOWS\System32\combase.dll
0x0000000064e80000 - 0x0000000064f02000 	C:\Program Files\R\R-4.0.3\bin\x64\Rblas.dll
0x00007fffd6fb0000 - 0x00007fffd705e000 	C:\WINDOWS\System32\shcore.dll
0x00007fffb1750000 - 0x00007fffb1800000 	C:\WINDOWS\WinSxS\amd64_microsoft.windows.common-controls_6595b64144ccf1df_5.82.19041.488_none_4238de57f6b64d28\COMCTL32.dll
0x00007fffd5740000 - 0x00007fffd5770000 	C:\WINDOWS\System32\IMM32.dll
0x00007fffc6ef0000 - 0x00007fffc6efa000 	C:\WINDOWS\SYSTEM32\VERSION.dll
0x00007fffd2380000 - 0x00007fffd23a7000 	C:\WINDOWS\SYSTEM32\WINMM.dll
0x00000000641c0000 - 0x0000000064220000 	C:\Program Files\R\R-4.0.3\bin\x64\Riconv.dll
0x00007fff7da30000 - 0x00007fff7dacb000 	C:\Program Files\RStudio\bin\MSVCP140.dll
0x00007fff7da10000 - 0x00007fff7da25000 	C:\Program Files\RStudio\bin\VCRUNTIME140.dll
0x00007fffb1d10000 - 0x00007fffb1d17000 	C:\WINDOWS\SYSTEM32\MSIMG32.dll
0x00007fffd2b10000 - 0x00007fffd32a5000 	C:\WINDOWS\SYSTEM32\windows.storage.dll
0x00007fffd4800000 - 0x00007fffd482c000 	C:\WINDOWS\SYSTEM32\Wldp.dll
0x00007fffd4cc0000 - 0x00007fffd4ce6000 	C:\WINDOWS\SYSTEM32\profapi.dll
0x00007fffd3670000 - 0x00007fffd3682000 	C:\WINDOWS\SYSTEM32\kernel.appcore.dll
0x00007fffd5300000 - 0x00007fffd5380000 	C:\WINDOWS\System32\bcryptPrimitives.dll
0x00007fffd1e20000 - 0x00007fffd1ebe000 	C:\WINDOWS\system32\uxtheme.dll
0x0000000064a40000 - 0x0000000064a54000 	C:\Program Files\R\R-4.0.3\library\methods\libs\x64\methods.dll
0x00000000005f0000 - 0x000000000061d000 	C:\Program Files\R\R-4.0.3\library\utils\libs\x64\utils.dll
0x000000006fc80000 - 0x000000006fe04000 	C:\Program Files\R\R-4.0.3\library\grDevices\libs\x64\grDevices.dll
0x0000000063740000 - 0x0000000063792000 	C:\Program Files\R\R-4.0.3\library\graphics\libs\x64\graphics.dll
0x0000000071100000 - 0x00000000711a9000 	C:\Program Files\R\R-4.0.3\library\stats\libs\x64\stats.dll
0x0000000000620000 - 0x00000000008ae000 	C:\Program Files\R\R-4.0.3\bin\x64\Rlapack.dll
0x000000006ea80000 - 0x000000006eaaa000 	C:\Program Files\R\R-4.0.3\library\grid\libs\x64\grid.dll
0x00000000008b0000 - 0x00000000008bf000 	C:\Program Files\R\R-4.0.3\library\lattice\libs\x64\lattice.dll
0x0000000065800000 - 0x00000000658be000 	C:\Program Files\R\R-4.0.3\library\Matrix\libs\x64\Matrix.dll
0x00007fffd4c40000 - 0x00007fffd4c7c000 	C:\WINDOWS\SYSTEM32\SspiCli.dll
0x00000000625c0000 - 0x00000000625dc000 	C:\Users\Nils\Documents\R\win-library\4.0\fansi\libs\x64\fansi.dll
0x0000000063400000 - 0x000000006340e000 	C:\Users\Nils\Documents\R\win-library\4.0\glue\libs\x64\glue.dll
0x00000000008c0000 - 0x00000000008e0000 	C:\Program Files\R\R-4.0.3\library\tools\libs\x64\tools.dll
0x00000000008e0000 - 0x0000000000908000 	C:\Users\Nils\Documents\R\win-library\4.0\rlang\libs\x64\rlang.dll
0x00007fff656f0000 - 0x00007fff68b38000 	C:\Program Files\RStudio\bin\rsclang\x86_64\libclang.dll
0x00007fffd60f0000 - 0x00007fffd61bd000 	C:\WINDOWS\System32\OLEAUT32.dll
0x0000000000910000 - 0x0000000000e62000 	C:\PROGRA~1\R\R-4.0.3\modules\x64\internet.dll
0x00007fffd4d90000 - 0x00007fffd4eed000 	C:\WINDOWS\System32\CRYPT32.dll
0x00007fffd73b0000 - 0x00007fffd7406000 	C:\WINDOWS\System32\WLDAP32.dll
0x00007fffadfc0000 - 0x00007fffae49a000 	C:\WINDOWS\SYSTEM32\WININET.dll
0x00007fffc4bd0000 - 0x00007fffc4e80000 	C:\WINDOWS\SYSTEM32\iertutil.dll
0x00007fffad330000 - 0x00007fffad347000 	C:\WINDOWS\SYSTEM32\ondemandconnroutehelper.dll
0x00007fffd1f70000 - 0x00007fffd2070000 	C:\WINDOWS\SYSTEM32\winhttp.dll
0x00007fffd4220000 - 0x00007fffd425b000 	C:\WINDOWS\SYSTEM32\IPHLPAPI.DLL
0x00007fffd5fa0000 - 0x00007fffd5fa8000 	C:\WINDOWS\System32\NSI.dll
0x00007fffcc6d0000 - 0x00007fffcc6db000 	C:\WINDOWS\SYSTEM32\WINNSI.DLL
0x00007fffd4c80000 - 0x00007fffd4cae000 	C:\WINDOWS\SYSTEM32\USERENV.dll
0x00007fffd3ee0000 - 0x00007fffd3eea000 	C:\WINDOWS\SYSTEM32\DPAPI.DLL
0x00007fffd4980000 - 0x00007fffd4992000 	C:\WINDOWS\SYSTEM32\MSASN1.dll
0x00007fffd5600000 - 0x00007fffd5660000 	C:\WINDOWS\System32\WINTRUST.dll
0x00007fffd4750000 - 0x00007fffd4768000 	C:\WINDOWS\SYSTEM32\CRYPTSP.dll
0x00007fffd3ea0000 - 0x00007fffd3ed4000 	C:\WINDOWS\system32\rsaenh.dll
0x00007fffd55d0000 - 0x00007fffd55f7000 	C:\WINDOWS\System32\bcrypt.dll
0x00007fffd4770000 - 0x00007fffd477c000 	C:\WINDOWS\SYSTEM32\CRYPTBASE.dll
0x00007fffc5070000 - 0x00007fffc525d000 	C:\WINDOWS\SYSTEM32\urlmon.dll
0x00007fffd4270000 - 0x00007fffd433b000 	C:\WINDOWS\SYSTEM32\DNSAPI.dll
0x00007fffca720000 - 0x00007fffca72a000 	C:\Windows\System32\rasadhlp.dll
0x00007fffc7dc0000 - 0x00007fffc7e3f000 	C:\WINDOWS\System32\fwpuclnt.dll
0x00007fffd3dc0000 - 0x00007fffd3e51000 	C:\WINDOWS\system32\schannel.DLL
0x00007fffb4010000 - 0x00007fffb4025000 	C:\WINDOWS\SYSTEM32\mskeyprotect.dll
0x00007fffd4830000 - 0x00007fffd486b000 	C:\WINDOWS\SYSTEM32\NTASN1.dll
0x00007fffab880000 - 0x00007fffab8b1000 	C:\Windows\System32\cryptnet.dll
0x00007fffd4870000 - 0x00007fffd4897000 	C:\WINDOWS\SYSTEM32\ncrypt.dll
0x00007fffb4240000 - 0x00007fffb4266000 	C:\WINDOWS\system32\ncryptsslp.dll
0x00007fffd3ad0000 - 0x00007fffd3b03000 	C:\WINDOWS\SYSTEM32\ntmarta.dll
0x00007fffd7410000 - 0x00007fffd7526000 	C:\WINDOWS\System32\MSCTF.dll
0x00007fffc4880000 - 0x00007fffc497d000 	C:\WINDOWS\SYSTEM32\textinputframework.dll
0x00007fffd1b00000 - 0x00007fffd1bf2000 	C:\WINDOWS\SYSTEM32\CoreMessaging.dll
0x00007fffd13e0000 - 0x00007fffd173e000 	C:\WINDOWS\SYSTEM32\CoreUIComponents.dll
0x00007fffcd2c0000 - 0x00007fffcd416000 	C:\WINDOWS\SYSTEM32\wintypes.dll
0x00007fffb1b10000 - 0x00007fffb1b76000 	C:\WINDOWS\system32\Oleacc.dll
0x000000006abc0000 - 0x000000006acfb000 	C:\Users\Nils\Documents\R\win-library\4.0\Rcpp\libs\x64\Rcpp.dll
0x0000000065340000 - 0x000000006547a000 	C:\Users\Nils\Documents\R\win-library\4.0\readxl\libs\x64\readxl.dll
0x0000000068140000 - 0x0000000068254000 	C:\Users\Nils\Documents\R\win-library\4.0\vctrs\libs\x64\vctrs.dll
0x0000000061300000 - 0x000000006130e000 	C:\Users\Nils\Documents\R\win-library\4.0\magrittr\libs\x64\magrittr.dll
0x0000000062ac0000 - 0x0000000062acd000 	C:\Users\Nils\Documents\R\win-library\4.0\ellipsis\libs\x64\ellipsis.dll
0x0000000061c00000 - 0x0000000061c0e000 	C:\Users\Nils\Documents\R\win-library\4.0\tibble\libs\x64\tibble.dll
0x0000000065b40000 - 0x0000000065b53000 	C:\Users\Nils\Documents\R\win-library\4.0\purrr\libs\x64\purrr.dll
0x0000000000e70000 - 0x0000000000ea2000 	C:\Users\Nils\Documents\R\win-library\4.0\dplyr\libs\x64\dplyr.dll
0x000000006a8c0000 - 0x000000006a901000 	C:\Users\Nils\Documents\R\win-library\4.0\tidyr\libs\x64\tidyr.dll
0x0000000069540000 - 0x000000006954d000 	C:\Users\Nils\Documents\R\win-library\4.0\backports\libs\x64\backports.dll
0x00000000657c0000 - 0x00000000657d7000 	C:\Users\Nils\Documents\R\win-library\4.0\colorspace\libs\x64\colorspace.dll
0x0000000067540000 - 0x000000006768d000 	C:\Users\Nils\Documents\R\win-library\4.0\haven\libs\x64\haven.dll
0x00000000640c0000 - 0x00000000640e2000 	C:\Users\Nils\Documents\R\win-library\4.0\jsonlite\libs\x64\jsonlite.dll
0x0000000062d40000 - 0x0000000062e54000 	C:\Users\Nils\Documents\R\win-library\4.0\lubridate\libs\x64\lubridate.dll
0x0000000062840000 - 0x00000000629bf000 	C:\Users\Nils\Documents\R\win-library\4.0\readr\libs\x64\readr.dll
0x0000000000eb0000 - 0x00000000011ad000 	C:\Users\Nils\Documents\R\win-library\4.0\fs\libs\x64\fs.dll
0x00007fffd5770000 - 0x00007fffd5778000 	C:\WINDOWS\System32\PSAPI.DLL
0x0000000069d00000 - 0x0000000069fb8000 	C:\Users\Nils\Documents\R\win-library\4.0\xml2\libs\x64\xml2.dll
0x000000006bd40000 - 0x000000006c194000 	C:\Users\Nils\Documents\R\win-library\4.0\stringi\libs\x64\stringi.dll
0x0000000069300000 - 0x00000000693a8000 	C:\Users\Nils\Documents\R\win-library\4.0\data.table\libs\x64\datatable.dll
0x000000006eb00000 - 0x000000006eb1d000 	C:\Users\Nils\Documents\R\win-library\4.0\checkmate\libs\x64\checkmate.dll
0x000000006f500000 - 0x000000006f50f000 	C:\Users\Nils\Documents\R\win-library\4.0\zoo\libs\x64\zoo.dll
0x0000000062680000 - 0x0000000062696000 	C:\Users\Nils\Documents\R\win-library\4.0\lfe\libs\x64\lfe.dll
0x00000000011b0000 - 0x000000000153c000 	C:\Users\Nils\Documents\R\win-library\4.0\curl\libs\x64\curl.dll
0x00007fffb61e0000 - 0x00007fffb61ec000 	C:\WINDOWS\SYSTEM32\secur32.dll
0x0000000066140000 - 0x0000000066161000 	C:\Users\Nils\Documents\R\win-library\4.0\foreign\libs\x64\foreign.dll
0x0000000061f00000 - 0x0000000061f21000 	C:\Users\Nils\Documents\R\win-library\4.0\zip\libs\x64\zip.dll
0x0000000001540000 - 0x0000000001686000 	C:\Users\Nils\Documents\R\win-library\4.0\openxlsx\libs\x64\openxlsx.dll
0x0000000064080000 - 0x0000000064098000 	C:\Users\Nils\Documents\R\win-library\4.0\rJava\libs\x64\rJava.dll
0x00007fff4fcd0000 - 0x00007fff5082e000 	C:\Program Files\Java\jdk-15.0.1\bin\server\jvm.dll
0x00007fffb2400000 - 0x00007fffb2409000 	C:\WINDOWS\SYSTEM32\WSOCK32.dll
0x00007fffcd090000 - 0x00007fffcd09c000 	C:\WINDOWS\SYSTEM32\VCRUNTIME140_1.dll
0x00007fffcbc10000 - 0x00007fffcbc1a000 	C:\Program Files\Java\jdk-15.0.1\bin\jimage.dll
0x00007fffd3380000 - 0x00007fffd3564000 	C:\WINDOWS\SYSTEM32\DBGHELP.DLL
0x00007fffae6a0000 - 0x00007fffae6cc000 	C:\WINDOWS\SYSTEM32\dbgcore.DLL
0x00007fffbb300000 - 0x00007fffbb325000 	C:\Program Files\Java\jdk-15.0.1\bin\java.dll
0x00007fffb5470000 - 0x00007fffb5489000 	C:\Program Files\Java\jdk-15.0.1\bin\net.dll
0x00007fffb5450000 - 0x00007fffb5462000 	C:\Program Files\Java\jdk-15.0.1\bin\nio.dll

dbghelp: loaded successfully - version: 4.0.5 - missing functions: none
symbol engine: initialized successfully - sym options: 0x614 - pdb path: .;C:\Program Files\RStudio\bin;C:\WINDOWS\SYSTEM32;C:\Program Files\R\R-4.0.3\bin\x64;C:\WINDOWS\WinSxS\amd64_microsoft.windows.common-controls_6595b64144ccf1df_5.82.19041.488_none_4238de57f6b64d28;C:\Program Files\R\R-4.0.3\library\methods\libs\x64;C:\Program Files\R\R-4.0.3\library\utils\libs\x64;C:\Program Files\R\R-4.0.3\library\grDevices\libs\x64;C:\Program Files\R\R-4.0.3\library\graphics\libs\x64;C:\Program Files\R\R-4.0.3\library\stats\libs\x64;C:\Program Files\R\R-4.0.3\library\grid\libs\x64;C:\Program Files\R\R-4.0.3\library\lattice\libs\x64;C:\Program Files\R\R-4.0.3\library\Matrix\libs\x64;C:\Users\Nils\Documents\R\win-library\4.0\fansi\libs\x64;C:\Users\Nils\Documents\R\win-library\4.0\glue\libs\x64;C:\Program Files\R\R-4.0.3\library\tools\libs\x64;C:\Users\Nils\Documents\R\win-library\4.0\rlang\libs\x64;C:\Program Files\RStudio\bin\rsclang\x86_64;C:\PROGRA~1\R\R-4.0.3\modules\x64;C:\Users\Nils\Documents\R\win-library\4.0\Rcpp\libs\x64;C:\Users\Nils\Documents\R\win-library\4.0\readxl\libs\x64;C:\Users\Nils\Documents\R\win-library\4.0\vctrs\libs\x64;C:\Users\Nils\Documents\R\win-library\4.0\magrittr\libs\x64;C:\Users\Nils\Documents\R\win-library\4.0\ellipsis\libs\x64;C:\Users\Nils\Documents\R\win-library\4.0\tibble\libs\x64;C:\Users\Nils\Documents\R\win-library\4.0\purrr\libs\x64;C:\Users\Nils\Documents\R\win-library\4.0\dplyr\libs\x64;C:\Users\Nils\Documents\R\win-library\4.0\tidyr\libs\x64;C:\Users\Nils\Documents\R\win-library\4.0\backports\libs\x64;C:\Users\Nils\Documents\R\win-library\4.0\colorspace\libs\x64;C:\Users\Nils\Documents\R\win-library\4.0\haven\libs\x64;C:\Users\Nils\Documents\R\win-library\4.0\jsonlite\libs\x64;C:\Users\Nils\Documents\R\win-library\4.0\lubridate\libs\x64;C:\Users\Nils\Documents\R\win-library\4.0\readr\libs\x64;C:\Users\Nils\Documents\R\win-library\4.0\fs\libs\x64;C:\Users\Nils\Documents\R\win-library\4.0\xml2\libs\x64;C:\Users\Nils\Documents\R\win-library\4.0\stringi\libs\x64;C:\Users\Nils\Documents\R\win-library\4.0\data.table\libs\x64;C:\Users\Nils\Documents\R\win-library\4.0\checkmate\libs\x64;C:\Users\Nils\Documents\R\win-library\4.0\zoo\libs\x64;C:\Users\Nils\Documents\R\win-library\4.0\lfe\libs\x64;C:\Users\Nils\Documents\R\win-library\4.0\curl\libs\x64;C:\Users\Nils\Documents\R\win-library\4.0\foreign\libs\x64;C:\Users\Nils\Documents\R\win-library\4.0\zip\libs\x64;C:\Users\Nils\Documents\R\win-library\4.0\openxlsx\libs\x64;C:\Users\Nils\Documents\R\win-library\4.0\rJava\libs\x64;C:\Program Files\Java\jdk-15.0.1\bin\server;C:\Program Files\Java\jdk-15.0.1\bin;C:\Users\Nils\Documents\R\win-library\4.0\utf8\libs\x64;C:\Users\Nils\Documents\R\win-library\4.0\farver\libs\x64;C:\Users\Nils\Documents\R\win-library\4.0\digest\libs\x64;C:\Users\Nils\Documents\R\win-library\4.0\MASS\libs\x64;C:\Users\Nils\Documents\R\win-library\4.0\MatchIt\libs\x64;C:\Program Files\R\R-4.0.3\library\splines\libs\x64;C:\Users\Nils\Documents\R\win-library\4.0\survival\libs\x64;C:\Users\Nils\Documents\R\win-library\4.0\glmnet\libs\x64;C:\Users\Nils\Documents\R\win-library\4.0\nnet\libs\x64;C:\Users\Nils\Documents\R\win-library\4.0\PanelMatch\libs\x64

VM Arguments:
jvm_args: -Dr.arch=/x64 -Xmx512m -Xrs -Xss2m 
java_command: <unknown>
java_class_path (initial): C:/Users/Nils/Documents/R/win-library/4.0/rJava/java/boot
Launcher Type: generic

[Global flags]
     intx CICompilerCount                          = 4                                         {product} {ergonomic}
     uint ConcGCThreads                            = 2                                         {product} {ergonomic}
     uint G1ConcRefinementThreads                  = 8                                         {product} {ergonomic}
   size_t G1HeapRegionSize                         = 1048576                                   {product} {ergonomic}
    uintx GCDrainStackTargetSize                   = 64                                        {product} {ergonomic}
   size_t InitialHeapSize                          = 266338304                                 {product} {ergonomic}
   size_t MarkStackSize                            = 4194304                                   {product} {ergonomic}
   size_t MaxHeapSize                              = 536870912                                 {product} {command line}
   size_t MaxNewSize                               = 321912832                                 {product} {ergonomic}
   size_t MinHeapDeltaBytes                        = 1048576                                   {product} {ergonomic}
   size_t MinHeapSize                              = 8388608                                   {product} {ergonomic}
    uintx NonNMethodCodeHeapSize                   = 5839372                                {pd product} {ergonomic}
    uintx NonProfiledCodeHeapSize                  = 122909434                              {pd product} {ergonomic}
    uintx ProfiledCodeHeapSize                     = 122909434                              {pd product} {ergonomic}
     bool ReduceSignalUsage                        = true                                      {product} {command line}
    uintx ReservedCodeCacheSize                    = 251658240                              {pd product} {ergonomic}
     bool SegmentedCodeCache                       = true                                      {product} {ergonomic}
   size_t SoftMaxHeapSize                          = 536870912                              {manageable} {ergonomic}
     intx ThreadStackSize                          = 2048                                   {pd product} {command line}
     bool UseCompressedClassPointers               = true                                 {lp64_product} {ergonomic}
     bool UseCompressedOops                        = true                                 {lp64_product} {ergonomic}
     bool UseG1GC                                  = true                                      {product} {ergonomic}
     bool UseLargePagesIndividualAllocation        = false                                  {pd product} {ergonomic}

Logging:
Log output configuration:
 #0: stdout all=warning uptime,level,tags
 #1: stderr all=off uptime,level,tags

Environment Variables:
JAVA_HOME=C:\Program Files\Java\jdk-15.0.1
PATH=C:\Program Files\R\R-4.0.3\bin\x64;C:\Program Files\Common Files\Oracle\Java\javapath;C:\Program Files\ImageMagick;C:\Perl64\site\bin;C:\Perl64\bin;C:\Rtools\bin;C:\WINDOWS\system32;C:\WINDOWS;C:\WINDOWS\System32\Wbem;C:\WINDOWS\System32\WindowsPowerShell\v1.0\;C:\WINDOWS\System32\OpenSSH\;C:\Program Files\Calibre2\;C:\Program Files\Pandoc\;C:\Program Files\Java\jdk-14.0.2\bin;C:\Program Files\Java\maven-3.6.3\bin;C:\Program Files (x86)\Intel\Intel(R) Management Engine Components\DAL;C:\Program Files\Intel\Intel(R) Management Engine Components\DAL;C:\Program Files\Git\cmd;C:\Users\Nils\AppData\Local\Microsoft\WindowsApps;C:\texlive\2018\bin\win32;C:\MinGW\bin;C:\Users\Nils\AppData\Local\atom\bin;%USERPROFILE%\AppData\Local\Microsoft\WindowsApps;
USERNAME=Nils
OS=Windows_NT
PROCESSOR_IDENTIFIER=Intel64 Family 6 Model 142 Stepping 10, GenuineIntel



---------------  S Y S T E M  ---------------

OS:
 Windows 10 , 64 bit Build 19041 (10.0.19041.662)
OS uptime: 0 days 9:15 hours

CPU: total 8 (initial active 8) (4 cores per cpu, 2 threads per core) family 6 model 142 stepping 10 microcode 0xd6, cmov, cx8, fxsr, mmx, sse, sse2, sse3, ssse3, sse4.1, sse4.2, popcnt, vzeroupper, avx, avx2, aes, clmul, erms, 3dnowpref, lzcnt, ht, tsc, tscinvbit, bmi1, bmi2, adx, fma, clflush, clflushopt

Memory: 4k page, system-wide physical 16192M (5969M free)
TotalPageFile size 18624M (AvailPageFile size 3387M)
current process WorkingSet (physical memory assigned to process): 641M, peak: 763M
current process commit charge ("private bytes"): 1022M, peak: 1082M

vm_info: Java HotSpot(TM) 64-Bit Server VM (15.0.1+9-18) for windows-amd64 JRE (15.0.1+9-18), built on Sep 15 2020 14:43:54 by "mach5one" with unknown MS VC++:1925

END.
